C:\USERS\JOãO CARRAQUICO\DROPBOX\CG1314\COMPUTAçãO GRáFICA\PROJECTOS\ARKANOIDOP\ARKANOIDOP\DEBUG\BALL.OBJ
C:\USERS\JOãO CARRAQUICO\DROPBOX\CG1314\COMPUTAçãO GRáFICA\PROJECTOS\ARKANOIDOP\ARKANOIDOP\DEBUG\BLOCK.OBJ
C:\USERS\JOãO CARRAQUICO\DROPBOX\CG1314\COMPUTAçãO GRáFICA\PROJECTOS\ARKANOIDOP\ARKANOIDOP\DEBUG\BMPLOADER.OBJ
C:\USERS\JOãO CARRAQUICO\DROPBOX\CG1314\COMPUTAçãO GRáFICA\PROJECTOS\ARKANOIDOP\ARKANOIDOP\DEBUG\BOUNDARIES.OBJ
C:\USERS\JOãO CARRAQUICO\DROPBOX\CG1314\COMPUTAçãO GRáFICA\PROJECTOS\ARKANOIDOP\ARKANOIDOP\DEBUG\CAMERA.OBJ
C:\USERS\JOãO CARRAQUICO\DROPBOX\CG1314\COMPUTAçãO GRáFICA\PROJECTOS\ARKANOIDOP\ARKANOIDOP\DEBUG\GAMEMANAGER.OBJ
C:\USERS\JOãO CARRAQUICO\DROPBOX\CG1314\COMPUTAçãO GRáFICA\PROJECTOS\ARKANOIDOP\ARKANOIDOP\DEBUG\GREENBLOCK.OBJ
C:\USERS\JOãO CARRAQUICO\DROPBOX\CG1314\COMPUTAçãO GRáFICA\PROJECTOS\ARKANOIDOP\ARKANOIDOP\DEBUG\LAUNCHER.OBJ
C:\USERS\JOãO CARRAQUICO\DROPBOX\CG1314\COMPUTAçãO GRáFICA\PROJECTOS\ARKANOIDOP\ARKANOIDOP\DEBUG\BRONZEBLOCK.OBJ
C:\USERS\JOãO CARRAQUICO\DROPBOX\CG1314\COMPUTAçãO GRáFICA\PROJECTOS\ARKANOIDOP\ARKANOIDOP\DEBUG\ORTHO.OBJ
C:\USERS\JOãO CARRAQUICO\DROPBOX\CG1314\COMPUTAçãO GRáFICA\PROJECTOS\ARKANOIDOP\ARKANOIDOP\DEBUG\PERSPECTIVE.OBJ
C:\USERS\JOãO CARRAQUICO\DROPBOX\CG1314\COMPUTAçãO GRáFICA\PROJECTOS\ARKANOIDOP\ARKANOIDOP\DEBUG\SHIP.OBJ
C:\USERS\JOãO CARRAQUICO\DROPBOX\CG1314\COMPUTAçãO GRáFICA\PROJECTOS\ARKANOIDOP\ARKANOIDOP\DEBUG\REDBLOCK.OBJ
C:\USERS\JOãO CARRAQUICO\DROPBOX\CG1314\COMPUTAçãO GRáFICA\PROJECTOS\ARKANOIDOP\ARKANOIDOP\DEBUG\CYANBLOCK.OBJ
C:\USERS\JOãO CARRAQUICO\DROPBOX\CG1314\COMPUTAçãO GRáFICA\PROJECTOS\ARKANOIDOP\ARKANOIDOP\DEBUG\WHITEBLOCK.OBJ
C:\USERS\JOãO CARRAQUICO\DROPBOX\CG1314\COMPUTAçãO GRáFICA\PROJECTOS\ARKANOIDOP\ARKANOIDOP\DEBUG\YELLOWBLOCK.OBJ
C:\USERS\JOÃO CARRAQUICO\DROPBOX\CG1314\COMPUTAÇÃO GRÁFICA\PROJECTOS\ARKANOIDOP\ARKANOIDOP\DEBUG\VC110.PDB
C:\USERS\JOãO CARRAQUICO\DROPBOX\CG1314\COMPUTAçãO GRáFICA\PROJECTOS\ARKANOIDOP\DEBUG\ARKANOIDOP.ILK
C:\USERS\JOãO CARRAQUICO\DROPBOX\CG1314\COMPUTAçãO GRáFICA\PROJECTOS\ARKANOIDOP\DEBUG\ARKANOIDOP.EXE
C:\USERS\JOÃO CARRAQUICO\DROPBOX\CG1314\COMPUTAÇÃO GRÁFICA\PROJECTOS\ARKANOIDOP\DEBUG\ARKANOIDOP.PDB
C:\Users\João Carraquico\Dropbox\CG1314\Computação Gráfica\Projectos\ArkanoidOP\ArkanoidOP\Debug\Ball (Cópia em conflito de Ricardo Coelho da Silva 2013-11-12).obj
C:\Users\João Carraquico\Dropbox\CG1314\Computação Gráfica\Projectos\ArkanoidOP\ArkanoidOP\Debug\Ball (João Carraquico's conflicted copy 2013-10-01).obj
C:\Users\João Carraquico\Dropbox\CG1314\Computação Gráfica\Projectos\ArkanoidOP\ArkanoidOP\Debug\Ball.obj
C:\Users\João Carraquico\Dropbox\CG1314\Computação Gráfica\Projectos\ArkanoidOP\ArkanoidOP\Debug\Block (Cópia em conflito de Ricardo Coelho da Silva 2013-11-12).obj
C:\Users\João Carraquico\Dropbox\CG1314\Computação Gráfica\Projectos\ArkanoidOP\ArkanoidOP\Debug\Block (João Carraquico's conflicted copy 2013-10-01).obj
C:\Users\João Carraquico\Dropbox\CG1314\Computação Gráfica\Projectos\ArkanoidOP\ArkanoidOP\Debug\Block.obj
C:\Users\João Carraquico\Dropbox\CG1314\Computação Gráfica\Projectos\ArkanoidOP\ArkanoidOP\Debug\BlueBlock.obj
C:\Users\João Carraquico\Dropbox\CG1314\Computação Gráfica\Projectos\ArkanoidOP\ArkanoidOP\Debug\BMPLoader.obj
C:\Users\João Carraquico\Dropbox\CG1314\Computação Gráfica\Projectos\ArkanoidOP\ArkanoidOP\Debug\Boundaries (Cópia em conflito de Ricardo Coelho da Silva 2013-11-12).obj
C:\Users\João Carraquico\Dropbox\CG1314\Computação Gráfica\Projectos\ArkanoidOP\ArkanoidOP\Debug\Boundaries.obj
C:\Users\João Carraquico\Dropbox\CG1314\Computação Gráfica\Projectos\ArkanoidOP\ArkanoidOP\Debug\BronzeBlock (Cópia em conflito de João Carraquico 2013-11-12).obj
C:\Users\João Carraquico\Dropbox\CG1314\Computação Gráfica\Projectos\ArkanoidOP\ArkanoidOP\Debug\BronzeBlock.obj
C:\Users\João Carraquico\Dropbox\CG1314\Computação Gráfica\Projectos\ArkanoidOP\ArkanoidOP\Debug\Camera (Cópia em conflito de Ricardo Coelho da Silva 2013-11-12).obj
C:\Users\João Carraquico\Dropbox\CG1314\Computação Gráfica\Projectos\ArkanoidOP\ArkanoidOP\Debug\Camera (João Carraquico's conflicted copy 2013-10-01).obj
C:\Users\João Carraquico\Dropbox\CG1314\Computação Gráfica\Projectos\ArkanoidOP\ArkanoidOP\Debug\Camera.obj
C:\Users\João Carraquico\Dropbox\CG1314\Computação Gráfica\Projectos\ArkanoidOP\ArkanoidOP\Debug\CyanBlock (Cópia em conflito de João Carraquico 2013-11-12).obj
C:\Users\João Carraquico\Dropbox\CG1314\Computação Gráfica\Projectos\ArkanoidOP\ArkanoidOP\Debug\CyanBlock.obj
C:\Users\João Carraquico\Dropbox\CG1314\Computação Gráfica\Projectos\ArkanoidOP\ArkanoidOP\Debug\GameManager (Cópia em conflito de Ricardo Coelho da Silva 2013-11-12).obj
C:\Users\João Carraquico\Dropbox\CG1314\Computação Gráfica\Projectos\ArkanoidOP\ArkanoidOP\Debug\GameManager (Cópia em conflito de Ricardo Coelho da Silva 2013-11-21).obj
C:\Users\João Carraquico\Dropbox\CG1314\Computação Gráfica\Projectos\ArkanoidOP\ArkanoidOP\Debug\GameManager (João Carraquico's conflicted copy 2013-10-01).obj
C:\Users\João Carraquico\Dropbox\CG1314\Computação Gráfica\Projectos\ArkanoidOP\ArkanoidOP\Debug\GameManager.obj
C:\Users\João Carraquico\Dropbox\CG1314\Computação Gráfica\Projectos\ArkanoidOP\ArkanoidOP\Debug\GreenBlock (Cópia em conflito de Ricardo Coelho da Silva 2013-11-12).obj
C:\Users\João Carraquico\Dropbox\CG1314\Computação Gráfica\Projectos\ArkanoidOP\ArkanoidOP\Debug\GreenBlock.obj
C:\Users\João Carraquico\Dropbox\CG1314\Computação Gráfica\Projectos\ArkanoidOP\ArkanoidOP\Debug\Launcher (Cópia em conflito de Ricardo Coelho da Silva 2013-10-25).obj
C:\Users\João Carraquico\Dropbox\CG1314\Computação Gráfica\Projectos\ArkanoidOP\ArkanoidOP\Debug\Launcher (Cópia em conflito de Ricardo Coelho da Silva 2013-11-12).obj
C:\Users\João Carraquico\Dropbox\CG1314\Computação Gráfica\Projectos\ArkanoidOP\ArkanoidOP\Debug\Launcher (João Carraquico's conflicted copy 2013-10-01).obj
C:\Users\João Carraquico\Dropbox\CG1314\Computação Gráfica\Projectos\ArkanoidOP\ArkanoidOP\Debug\Launcher.obj
C:\Users\João Carraquico\Dropbox\CG1314\Computação Gráfica\Projectos\ArkanoidOP\ArkanoidOP\Debug\OrangeBlock (Cópia em conflito de Ricardo Coelho da Silva 2013-10-25).obj
C:\Users\João Carraquico\Dropbox\CG1314\Computação Gráfica\Projectos\ArkanoidOP\ArkanoidOP\Debug\OrangeBlock.obj
C:\Users\João Carraquico\Dropbox\CG1314\Computação Gráfica\Projectos\ArkanoidOP\ArkanoidOP\Debug\Ortho (Cópia em conflito de João Carraquico 2013-11-12).obj
C:\Users\João Carraquico\Dropbox\CG1314\Computação Gráfica\Projectos\ArkanoidOP\ArkanoidOP\Debug\Ortho (Cópia em conflito de Ricardo Coelho da Silva 2013-10-25).obj
C:\Users\João Carraquico\Dropbox\CG1314\Computação Gráfica\Projectos\ArkanoidOP\ArkanoidOP\Debug\Ortho (João Carraquico's conflicted copy 2013-10-01).obj
C:\Users\João Carraquico\Dropbox\CG1314\Computação Gráfica\Projectos\ArkanoidOP\ArkanoidOP\Debug\Ortho.obj
C:\Users\João Carraquico\Dropbox\CG1314\Computação Gráfica\Projectos\ArkanoidOP\ArkanoidOP\Debug\Perspective (Cópia em conflito de João Carraquico 2013-11-12).obj
C:\Users\João Carraquico\Dropbox\CG1314\Computação Gráfica\Projectos\ArkanoidOP\ArkanoidOP\Debug\Perspective (Cópia em conflito de Ricardo Coelho da Silva 2013-10-25).obj
C:\Users\João Carraquico\Dropbox\CG1314\Computação Gráfica\Projectos\ArkanoidOP\ArkanoidOP\Debug\Perspective (João Carraquico's conflicted copy 2013-10-01).obj
C:\Users\João Carraquico\Dropbox\CG1314\Computação Gráfica\Projectos\ArkanoidOP\ArkanoidOP\Debug\Perspective.obj
C:\Users\João Carraquico\Dropbox\CG1314\Computação Gráfica\Projectos\ArkanoidOP\ArkanoidOP\Debug\RedBlock (Cópia em conflito de João Carraquico 2013-11-12).obj
C:\Users\João Carraquico\Dropbox\CG1314\Computação Gráfica\Projectos\ArkanoidOP\ArkanoidOP\Debug\RedBlock (Cópia em conflito de Ricardo Coelho da Silva 2013-10-25).obj
C:\Users\João Carraquico\Dropbox\CG1314\Computação Gráfica\Projectos\ArkanoidOP\ArkanoidOP\Debug\RedBlock.obj
C:\Users\João Carraquico\Dropbox\CG1314\Computação Gráfica\Projectos\ArkanoidOP\ArkanoidOP\Debug\Ship (Cópia em conflito de João Carraquico 2013-11-12).obj
C:\Users\João Carraquico\Dropbox\CG1314\Computação Gráfica\Projectos\ArkanoidOP\ArkanoidOP\Debug\Ship (Cópia em conflito de Ricardo Coelho da Silva 2013-10-25).obj
C:\Users\João Carraquico\Dropbox\CG1314\Computação Gráfica\Projectos\ArkanoidOP\ArkanoidOP\Debug\Ship (João Carraquico's conflicted copy 2013-10-01).obj
C:\Users\João Carraquico\Dropbox\CG1314\Computação Gráfica\Projectos\ArkanoidOP\ArkanoidOP\Debug\Ship.obj
C:\Users\João Carraquico\Dropbox\CG1314\Computação Gráfica\Projectos\ArkanoidOP\ArkanoidOP\Debug\VioletBlock.obj
C:\Users\João Carraquico\Dropbox\CG1314\Computação Gráfica\Projectos\ArkanoidOP\ArkanoidOP\Debug\WhiteBlock (Cópia em conflito de João Carraquico 2013-11-12).obj
C:\Users\João Carraquico\Dropbox\CG1314\Computação Gráfica\Projectos\ArkanoidOP\ArkanoidOP\Debug\WhiteBlock.obj
C:\Users\João Carraquico\Dropbox\CG1314\Computação Gráfica\Projectos\ArkanoidOP\ArkanoidOP\Debug\YellowBlock (Cópia em conflito de João Carraquico 2013-11-12).obj
C:\Users\João Carraquico\Dropbox\CG1314\Computação Gráfica\Projectos\ArkanoidOP\ArkanoidOP\Debug\YellowBlock.obj
C:\Users\João Carraquico\Dropbox\CG1314\Computação Gráfica\Projectos\ArkanoidOP\ArkanoidOP\Debug\cl.command.1 (João Carraquico's conflicted copy 2013-10-01).tlog
C:\Users\João Carraquico\Dropbox\CG1314\Computação Gráfica\Projectos\ArkanoidOP\ArkanoidOP\Debug\cl.command.1.tlog
C:\Users\João Carraquico\Dropbox\CG1314\Computação Gráfica\Projectos\ArkanoidOP\ArkanoidOP\Debug\CL.read.1.tlog
C:\Users\João Carraquico\Dropbox\CG1314\Computação Gráfica\Projectos\ArkanoidOP\ArkanoidOP\Debug\CL.write.1 (Cópia em conflito de João Carraquico 2013-11-12).tlog
C:\Users\João Carraquico\Dropbox\CG1314\Computação Gráfica\Projectos\ArkanoidOP\ArkanoidOP\Debug\CL.write.1 (Cópia em conflito de Pedro Martins 2013-11-12).tlog
C:\Users\João Carraquico\Dropbox\CG1314\Computação Gráfica\Projectos\ArkanoidOP\ArkanoidOP\Debug\CL.write.1.tlog
C:\Users\João Carraquico\Dropbox\CG1314\Computação Gráfica\Projectos\ArkanoidOP\ArkanoidOP\Debug\link-cvtres.read.1.tlog
C:\Users\João Carraquico\Dropbox\CG1314\Computação Gráfica\Projectos\ArkanoidOP\ArkanoidOP\Debug\link-cvtres.write.1.tlog
C:\Users\João Carraquico\Dropbox\CG1314\Computação Gráfica\Projectos\ArkanoidOP\ArkanoidOP\Debug\link-rc.read.1.tlog
C:\Users\João Carraquico\Dropbox\CG1314\Computação Gráfica\Projectos\ArkanoidOP\ArkanoidOP\Debug\link-rc.write.1.tlog
C:\Users\João Carraquico\Dropbox\CG1314\Computação Gráfica\Projectos\ArkanoidOP\ArkanoidOP\Debug\link.1036-cvtres.read.1.tlog
C:\Users\João Carraquico\Dropbox\CG1314\Computação Gráfica\Projectos\ArkanoidOP\ArkanoidOP\Debug\link.1036-cvtres.write.1.tlog
C:\Users\João Carraquico\Dropbox\CG1314\Computação Gráfica\Projectos\ArkanoidOP\ArkanoidOP\Debug\link.1036-rc.read.1.tlog
C:\Users\João Carraquico\Dropbox\CG1314\Computação Gráfica\Projectos\ArkanoidOP\ArkanoidOP\Debug\link.1036-rc.write.1.tlog
C:\Users\João Carraquico\Dropbox\CG1314\Computação Gráfica\Projectos\ArkanoidOP\ArkanoidOP\Debug\link.1036.read.1.tlog
C:\Users\João Carraquico\Dropbox\CG1314\Computação Gráfica\Projectos\ArkanoidOP\ArkanoidOP\Debug\link.1036.write.1.tlog
C:\Users\João Carraquico\Dropbox\CG1314\Computação Gráfica\Projectos\ArkanoidOP\ArkanoidOP\Debug\link.1064-cvtres.read.1.tlog
C:\Users\João Carraquico\Dropbox\CG1314\Computação Gráfica\Projectos\ArkanoidOP\ArkanoidOP\Debug\link.1064-cvtres.write.1.tlog
C:\Users\João Carraquico\Dropbox\CG1314\Computação Gráfica\Projectos\ArkanoidOP\ArkanoidOP\Debug\link.1064-rc.read.1.tlog
C:\Users\João Carraquico\Dropbox\CG1314\Computação Gráfica\Projectos\ArkanoidOP\ArkanoidOP\Debug\link.1064-rc.write.1.tlog
C:\Users\João Carraquico\Dropbox\CG1314\Computação Gráfica\Projectos\ArkanoidOP\ArkanoidOP\Debug\link.1064.read.1.tlog
C:\Users\João Carraquico\Dropbox\CG1314\Computação Gráfica\Projectos\ArkanoidOP\ArkanoidOP\Debug\link.1064.write.1.tlog
C:\Users\João Carraquico\Dropbox\CG1314\Computação Gráfica\Projectos\ArkanoidOP\ArkanoidOP\Debug\link.1084-cvtres.read.1.tlog
C:\Users\João Carraquico\Dropbox\CG1314\Computação Gráfica\Projectos\ArkanoidOP\ArkanoidOP\Debug\link.1084-cvtres.write.1.tlog
C:\Users\João Carraquico\Dropbox\CG1314\Computação Gráfica\Projectos\ArkanoidOP\ArkanoidOP\Debug\link.1084-rc.read.1.tlog
C:\Users\João Carraquico\Dropbox\CG1314\Computação Gráfica\Projectos\ArkanoidOP\ArkanoidOP\Debug\link.1084-rc.write.1.tlog
C:\Users\João Carraquico\Dropbox\CG1314\Computação Gráfica\Projectos\ArkanoidOP\ArkanoidOP\Debug\link.1084.read.1.tlog
C:\Users\João Carraquico\Dropbox\CG1314\Computação Gráfica\Projectos\ArkanoidOP\ArkanoidOP\Debug\link.1084.write.1.tlog
C:\Users\João Carraquico\Dropbox\CG1314\Computação Gráfica\Projectos\ArkanoidOP\ArkanoidOP\Debug\link.1100-cvtres.read.1.tlog
C:\Users\João Carraquico\Dropbox\CG1314\Computação Gráfica\Projectos\ArkanoidOP\ArkanoidOP\Debug\link.1100-cvtres.write.1.tlog
C:\Users\João Carraquico\Dropbox\CG1314\Computação Gráfica\Projectos\ArkanoidOP\ArkanoidOP\Debug\link.1100-rc.read.1.tlog
C:\Users\João Carraquico\Dropbox\CG1314\Computação Gráfica\Projectos\ArkanoidOP\ArkanoidOP\Debug\link.1100-rc.write.1.tlog
C:\Users\João Carraquico\Dropbox\CG1314\Computação Gráfica\Projectos\ArkanoidOP\ArkanoidOP\Debug\link.1100.read.1.tlog
C:\Users\João Carraquico\Dropbox\CG1314\Computação Gráfica\Projectos\ArkanoidOP\ArkanoidOP\Debug\link.1100.write.1.tlog
C:\Users\João Carraquico\Dropbox\CG1314\Computação Gráfica\Projectos\ArkanoidOP\ArkanoidOP\Debug\link.1128-cvtres.read.1.tlog
C:\Users\João Carraquico\Dropbox\CG1314\Computação Gráfica\Projectos\ArkanoidOP\ArkanoidOP\Debug\link.1128-cvtres.write.1.tlog
C:\Users\João Carraquico\Dropbox\CG1314\Computação Gráfica\Projectos\ArkanoidOP\ArkanoidOP\Debug\link.1128-rc.read.1.tlog
C:\Users\João Carraquico\Dropbox\CG1314\Computação Gráfica\Projectos\ArkanoidOP\ArkanoidOP\Debug\link.1128-rc.write.1.tlog
C:\Users\João Carraquico\Dropbox\CG1314\Computação Gráfica\Projectos\ArkanoidOP\ArkanoidOP\Debug\link.1128.read.1.tlog
C:\Users\João Carraquico\Dropbox\CG1314\Computação Gráfica\Projectos\ArkanoidOP\ArkanoidOP\Debug\link.1128.write.1.tlog
C:\Users\João Carraquico\Dropbox\CG1314\Computação Gráfica\Projectos\ArkanoidOP\ArkanoidOP\Debug\link.1136-cvtres.read.1.tlog
C:\Users\João Carraquico\Dropbox\CG1314\Computação Gráfica\Projectos\ArkanoidOP\ArkanoidOP\Debug\link.1136-cvtres.write.1.tlog
C:\Users\João Carraquico\Dropbox\CG1314\Computação Gráfica\Projectos\ArkanoidOP\ArkanoidOP\Debug\link.1136-rc.read.1.tlog
C:\Users\João Carraquico\Dropbox\CG1314\Computação Gráfica\Projectos\ArkanoidOP\ArkanoidOP\Debug\link.1136-rc.write.1.tlog
C:\Users\João Carraquico\Dropbox\CG1314\Computação Gráfica\Projectos\ArkanoidOP\ArkanoidOP\Debug\link.1136.read.1.tlog
C:\Users\João Carraquico\Dropbox\CG1314\Computação Gráfica\Projectos\ArkanoidOP\ArkanoidOP\Debug\link.1136.write.1.tlog
C:\Users\João Carraquico\Dropbox\CG1314\Computação Gráfica\Projectos\ArkanoidOP\ArkanoidOP\Debug\link.11532-cvtres.read.1.tlog
C:\Users\João Carraquico\Dropbox\CG1314\Computação Gráfica\Projectos\ArkanoidOP\ArkanoidOP\Debug\link.11532-cvtres.write.1.tlog
C:\Users\João Carraquico\Dropbox\CG1314\Computação Gráfica\Projectos\ArkanoidOP\ArkanoidOP\Debug\link.11532-rc.read.1.tlog
C:\Users\João Carraquico\Dropbox\CG1314\Computação Gráfica\Projectos\ArkanoidOP\ArkanoidOP\Debug\link.11532-rc.write.1.tlog
C:\Users\João Carraquico\Dropbox\CG1314\Computação Gráfica\Projectos\ArkanoidOP\ArkanoidOP\Debug\link.11532.read.1.tlog
C:\Users\João Carraquico\Dropbox\CG1314\Computação Gráfica\Projectos\ArkanoidOP\ArkanoidOP\Debug\link.11532.write.1.tlog
C:\Users\João Carraquico\Dropbox\CG1314\Computação Gráfica\Projectos\ArkanoidOP\ArkanoidOP\Debug\link.1172-cvtres.read.1.tlog
C:\Users\João Carraquico\Dropbox\CG1314\Computação Gráfica\Projectos\ArkanoidOP\ArkanoidOP\Debug\link.1172-cvtres.write.1.tlog
C:\Users\João Carraquico\Dropbox\CG1314\Computação Gráfica\Projectos\ArkanoidOP\ArkanoidOP\Debug\link.1172-rc.read.1.tlog
C:\Users\João Carraquico\Dropbox\CG1314\Computação Gráfica\Projectos\ArkanoidOP\ArkanoidOP\Debug\link.1172-rc.write.1.tlog
C:\Users\João Carraquico\Dropbox\CG1314\Computação Gráfica\Projectos\ArkanoidOP\ArkanoidOP\Debug\link.1172.read.1.tlog
C:\Users\João Carraquico\Dropbox\CG1314\Computação Gráfica\Projectos\ArkanoidOP\ArkanoidOP\Debug\link.1172.write.1.tlog
C:\Users\João Carraquico\Dropbox\CG1314\Computação Gráfica\Projectos\ArkanoidOP\ArkanoidOP\Debug\link.1404-cvtres.read.1.tlog
C:\Users\João Carraquico\Dropbox\CG1314\Computação Gráfica\Projectos\ArkanoidOP\ArkanoidOP\Debug\link.1404-cvtres.write.1.tlog
C:\Users\João Carraquico\Dropbox\CG1314\Computação Gráfica\Projectos\ArkanoidOP\ArkanoidOP\Debug\link.1404-rc.read.1.tlog
C:\Users\João Carraquico\Dropbox\CG1314\Computação Gráfica\Projectos\ArkanoidOP\ArkanoidOP\Debug\link.1404-rc.write.1.tlog
C:\Users\João Carraquico\Dropbox\CG1314\Computação Gráfica\Projectos\ArkanoidOP\ArkanoidOP\Debug\link.1404.read.1.tlog
C:\Users\João Carraquico\Dropbox\CG1314\Computação Gráfica\Projectos\ArkanoidOP\ArkanoidOP\Debug\link.1404.write.1.tlog
C:\Users\João Carraquico\Dropbox\CG1314\Computação Gráfica\Projectos\ArkanoidOP\ArkanoidOP\Debug\link.1484-cvtres.read.1.tlog
C:\Users\João Carraquico\Dropbox\CG1314\Computação Gráfica\Projectos\ArkanoidOP\ArkanoidOP\Debug\link.1484-cvtres.write.1.tlog
C:\Users\João Carraquico\Dropbox\CG1314\Computação Gráfica\Projectos\ArkanoidOP\ArkanoidOP\Debug\link.1484-rc.read.1.tlog
C:\Users\João Carraquico\Dropbox\CG1314\Computação Gráfica\Projectos\ArkanoidOP\ArkanoidOP\Debug\link.1484-rc.write.1.tlog
C:\Users\João Carraquico\Dropbox\CG1314\Computação Gráfica\Projectos\ArkanoidOP\ArkanoidOP\Debug\link.1484.read.1.tlog
C:\Users\João Carraquico\Dropbox\CG1314\Computação Gráfica\Projectos\ArkanoidOP\ArkanoidOP\Debug\link.1484.write.1.tlog
C:\Users\João Carraquico\Dropbox\CG1314\Computação Gráfica\Projectos\ArkanoidOP\ArkanoidOP\Debug\link.15568-cvtres.read.1.tlog
C:\Users\João Carraquico\Dropbox\CG1314\Computação Gráfica\Projectos\ArkanoidOP\ArkanoidOP\Debug\link.15568-cvtres.write.1.tlog
C:\Users\João Carraquico\Dropbox\CG1314\Computação Gráfica\Projectos\ArkanoidOP\ArkanoidOP\Debug\link.15568-rc.read.1.tlog
C:\Users\João Carraquico\Dropbox\CG1314\Computação Gráfica\Projectos\ArkanoidOP\ArkanoidOP\Debug\link.15568-rc.write.1.tlog
C:\Users\João Carraquico\Dropbox\CG1314\Computação Gráfica\Projectos\ArkanoidOP\ArkanoidOP\Debug\link.15568.read.1.tlog
C:\Users\João Carraquico\Dropbox\CG1314\Computação Gráfica\Projectos\ArkanoidOP\ArkanoidOP\Debug\link.15568.write.1.tlog
C:\Users\João Carraquico\Dropbox\CG1314\Computação Gráfica\Projectos\ArkanoidOP\ArkanoidOP\Debug\link.1776-cvtres.read.1.tlog
C:\Users\João Carraquico\Dropbox\CG1314\Computação Gráfica\Projectos\ArkanoidOP\ArkanoidOP\Debug\link.1776-cvtres.write.1.tlog
C:\Users\João Carraquico\Dropbox\CG1314\Computação Gráfica\Projectos\ArkanoidOP\ArkanoidOP\Debug\link.1776-rc.read.1.tlog
C:\Users\João Carraquico\Dropbox\CG1314\Computação Gráfica\Projectos\ArkanoidOP\ArkanoidOP\Debug\link.1776-rc.write.1.tlog
C:\Users\João Carraquico\Dropbox\CG1314\Computação Gráfica\Projectos\ArkanoidOP\ArkanoidOP\Debug\link.1776.read.1.tlog
C:\Users\João Carraquico\Dropbox\CG1314\Computação Gráfica\Projectos\ArkanoidOP\ArkanoidOP\Debug\link.1776.write.1.tlog
C:\Users\João Carraquico\Dropbox\CG1314\Computação Gráfica\Projectos\ArkanoidOP\ArkanoidOP\Debug\link.18392-cvtres.read.1.tlog
C:\Users\João Carraquico\Dropbox\CG1314\Computação Gráfica\Projectos\ArkanoidOP\ArkanoidOP\Debug\link.18392-cvtres.write.1.tlog
C:\Users\João Carraquico\Dropbox\CG1314\Computação Gráfica\Projectos\ArkanoidOP\ArkanoidOP\Debug\link.18392-rc.read.1.tlog
C:\Users\João Carraquico\Dropbox\CG1314\Computação Gráfica\Projectos\ArkanoidOP\ArkanoidOP\Debug\link.18392-rc.write.1.tlog
C:\Users\João Carraquico\Dropbox\CG1314\Computação Gráfica\Projectos\ArkanoidOP\ArkanoidOP\Debug\link.18392.read.1.tlog
C:\Users\João Carraquico\Dropbox\CG1314\Computação Gráfica\Projectos\ArkanoidOP\ArkanoidOP\Debug\link.18392.write.1.tlog
C:\Users\João Carraquico\Dropbox\CG1314\Computação Gráfica\Projectos\ArkanoidOP\ArkanoidOP\Debug\link.1948-cvtres.read.1.tlog
C:\Users\João Carraquico\Dropbox\CG1314\Computação Gráfica\Projectos\ArkanoidOP\ArkanoidOP\Debug\link.1948-cvtres.write.1.tlog
C:\Users\João Carraquico\Dropbox\CG1314\Computação Gráfica\Projectos\ArkanoidOP\ArkanoidOP\Debug\link.1948-rc.read.1.tlog
C:\Users\João Carraquico\Dropbox\CG1314\Computação Gráfica\Projectos\ArkanoidOP\ArkanoidOP\Debug\link.1948-rc.write.1.tlog
C:\Users\João Carraquico\Dropbox\CG1314\Computação Gráfica\Projectos\ArkanoidOP\ArkanoidOP\Debug\link.1948.read.1.tlog
C:\Users\João Carraquico\Dropbox\CG1314\Computação Gráfica\Projectos\ArkanoidOP\ArkanoidOP\Debug\link.1948.write.1.tlog
C:\Users\João Carraquico\Dropbox\CG1314\Computação Gráfica\Projectos\ArkanoidOP\ArkanoidOP\Debug\link.19860-cvtres.read.1.tlog
C:\Users\João Carraquico\Dropbox\CG1314\Computação Gráfica\Projectos\ArkanoidOP\ArkanoidOP\Debug\link.19860-cvtres.write.1.tlog
C:\Users\João Carraquico\Dropbox\CG1314\Computação Gráfica\Projectos\ArkanoidOP\ArkanoidOP\Debug\link.19860-rc.read.1.tlog
C:\Users\João Carraquico\Dropbox\CG1314\Computação Gráfica\Projectos\ArkanoidOP\ArkanoidOP\Debug\link.19860-rc.write.1.tlog
C:\Users\João Carraquico\Dropbox\CG1314\Computação Gráfica\Projectos\ArkanoidOP\ArkanoidOP\Debug\link.19860.read.1.tlog
C:\Users\João Carraquico\Dropbox\CG1314\Computação Gráfica\Projectos\ArkanoidOP\ArkanoidOP\Debug\link.19860.write.1.tlog
C:\Users\João Carraquico\Dropbox\CG1314\Computação Gráfica\Projectos\ArkanoidOP\ArkanoidOP\Debug\link.2256-cvtres.read.1.tlog
C:\Users\João Carraquico\Dropbox\CG1314\Computação Gráfica\Projectos\ArkanoidOP\ArkanoidOP\Debug\link.2256-cvtres.write.1.tlog
C:\Users\João Carraquico\Dropbox\CG1314\Computação Gráfica\Projectos\ArkanoidOP\ArkanoidOP\Debug\link.2256-rc.read.1.tlog
C:\Users\João Carraquico\Dropbox\CG1314\Computação Gráfica\Projectos\ArkanoidOP\ArkanoidOP\Debug\link.2256-rc.write.1.tlog
C:\Users\João Carraquico\Dropbox\CG1314\Computação Gráfica\Projectos\ArkanoidOP\ArkanoidOP\Debug\link.2256.read.1.tlog
C:\Users\João Carraquico\Dropbox\CG1314\Computação Gráfica\Projectos\ArkanoidOP\ArkanoidOP\Debug\link.2256.write.1.tlog
C:\Users\João Carraquico\Dropbox\CG1314\Computação Gráfica\Projectos\ArkanoidOP\ArkanoidOP\Debug\link.2276-cvtres.read.1.tlog
C:\Users\João Carraquico\Dropbox\CG1314\Computação Gráfica\Projectos\ArkanoidOP\ArkanoidOP\Debug\link.2276-cvtres.write.1.tlog
C:\Users\João Carraquico\Dropbox\CG1314\Computação Gráfica\Projectos\ArkanoidOP\ArkanoidOP\Debug\link.2276-rc.read.1.tlog
C:\Users\João Carraquico\Dropbox\CG1314\Computação Gráfica\Projectos\ArkanoidOP\ArkanoidOP\Debug\link.2276-rc.write.1.tlog
C:\Users\João Carraquico\Dropbox\CG1314\Computação Gráfica\Projectos\ArkanoidOP\ArkanoidOP\Debug\link.2276.read.1.tlog
C:\Users\João Carraquico\Dropbox\CG1314\Computação Gráfica\Projectos\ArkanoidOP\ArkanoidOP\Debug\link.2276.write.1.tlog
C:\Users\João Carraquico\Dropbox\CG1314\Computação Gráfica\Projectos\ArkanoidOP\ArkanoidOP\Debug\link.2316-cvtres.read.1.tlog
C:\Users\João Carraquico\Dropbox\CG1314\Computação Gráfica\Projectos\ArkanoidOP\ArkanoidOP\Debug\link.2316-cvtres.write.1.tlog
C:\Users\João Carraquico\Dropbox\CG1314\Computação Gráfica\Projectos\ArkanoidOP\ArkanoidOP\Debug\link.2316-rc.read.1.tlog
C:\Users\João Carraquico\Dropbox\CG1314\Computação Gráfica\Projectos\ArkanoidOP\ArkanoidOP\Debug\link.2316-rc.write.1.tlog
C:\Users\João Carraquico\Dropbox\CG1314\Computação Gráfica\Projectos\ArkanoidOP\ArkanoidOP\Debug\link.2316.read.1.tlog
C:\Users\João Carraquico\Dropbox\CG1314\Computação Gráfica\Projectos\ArkanoidOP\ArkanoidOP\Debug\link.2316.write.1.tlog
C:\Users\João Carraquico\Dropbox\CG1314\Computação Gráfica\Projectos\ArkanoidOP\ArkanoidOP\Debug\link.23220-cvtres.read.1.tlog
C:\Users\João Carraquico\Dropbox\CG1314\Computação Gráfica\Projectos\ArkanoidOP\ArkanoidOP\Debug\link.23220-cvtres.write.1.tlog
C:\Users\João Carraquico\Dropbox\CG1314\Computação Gráfica\Projectos\ArkanoidOP\ArkanoidOP\Debug\link.23220-rc.read.1.tlog
C:\Users\João Carraquico\Dropbox\CG1314\Computação Gráfica\Projectos\ArkanoidOP\ArkanoidOP\Debug\link.23220-rc.write.1.tlog
C:\Users\João Carraquico\Dropbox\CG1314\Computação Gráfica\Projectos\ArkanoidOP\ArkanoidOP\Debug\link.23220.read.1.tlog
C:\Users\João Carraquico\Dropbox\CG1314\Computação Gráfica\Projectos\ArkanoidOP\ArkanoidOP\Debug\link.23220.write.1.tlog
C:\Users\João Carraquico\Dropbox\CG1314\Computação Gráfica\Projectos\ArkanoidOP\ArkanoidOP\Debug\link.2328-cvtres.read.1.tlog
C:\Users\João Carraquico\Dropbox\CG1314\Computação Gráfica\Projectos\ArkanoidOP\ArkanoidOP\Debug\link.2328-cvtres.write.1.tlog
C:\Users\João Carraquico\Dropbox\CG1314\Computação Gráfica\Projectos\ArkanoidOP\ArkanoidOP\Debug\link.2328-rc.read.1.tlog
C:\Users\João Carraquico\Dropbox\CG1314\Computação Gráfica\Projectos\ArkanoidOP\ArkanoidOP\Debug\link.2328-rc.write.1.tlog
C:\Users\João Carraquico\Dropbox\CG1314\Computação Gráfica\Projectos\ArkanoidOP\ArkanoidOP\Debug\link.2328.read.1.tlog
C:\Users\João Carraquico\Dropbox\CG1314\Computação Gráfica\Projectos\ArkanoidOP\ArkanoidOP\Debug\link.2328.write.1.tlog
C:\Users\João Carraquico\Dropbox\CG1314\Computação Gráfica\Projectos\ArkanoidOP\ArkanoidOP\Debug\link.2348-cvtres.read.1.tlog
C:\Users\João Carraquico\Dropbox\CG1314\Computação Gráfica\Projectos\ArkanoidOP\ArkanoidOP\Debug\link.2348-cvtres.write.1.tlog
C:\Users\João Carraquico\Dropbox\CG1314\Computação Gráfica\Projectos\ArkanoidOP\ArkanoidOP\Debug\link.2348-rc.read.1.tlog
C:\Users\João Carraquico\Dropbox\CG1314\Computação Gráfica\Projectos\ArkanoidOP\ArkanoidOP\Debug\link.2348-rc.write.1.tlog
C:\Users\João Carraquico\Dropbox\CG1314\Computação Gráfica\Projectos\ArkanoidOP\ArkanoidOP\Debug\link.2348.read.1.tlog
C:\Users\João Carraquico\Dropbox\CG1314\Computação Gráfica\Projectos\ArkanoidOP\ArkanoidOP\Debug\link.2348.write.1.tlog
C:\Users\João Carraquico\Dropbox\CG1314\Computação Gráfica\Projectos\ArkanoidOP\ArkanoidOP\Debug\link.2456-cvtres.read.1.tlog
C:\Users\João Carraquico\Dropbox\CG1314\Computação Gráfica\Projectos\ArkanoidOP\ArkanoidOP\Debug\link.2456-cvtres.write.1.tlog
C:\Users\João Carraquico\Dropbox\CG1314\Computação Gráfica\Projectos\ArkanoidOP\ArkanoidOP\Debug\link.2456-rc.read.1.tlog
C:\Users\João Carraquico\Dropbox\CG1314\Computação Gráfica\Projectos\ArkanoidOP\ArkanoidOP\Debug\link.2456-rc.write.1.tlog
C:\Users\João Carraquico\Dropbox\CG1314\Computação Gráfica\Projectos\ArkanoidOP\ArkanoidOP\Debug\link.2456.read.1.tlog
C:\Users\João Carraquico\Dropbox\CG1314\Computação Gráfica\Projectos\ArkanoidOP\ArkanoidOP\Debug\link.2456.write.1.tlog
C:\Users\João Carraquico\Dropbox\CG1314\Computação Gráfica\Projectos\ArkanoidOP\ArkanoidOP\Debug\link.2532-cvtres.read.1.tlog
C:\Users\João Carraquico\Dropbox\CG1314\Computação Gráfica\Projectos\ArkanoidOP\ArkanoidOP\Debug\link.2532-cvtres.write.1.tlog
C:\Users\João Carraquico\Dropbox\CG1314\Computação Gráfica\Projectos\ArkanoidOP\ArkanoidOP\Debug\link.2532-rc.read.1.tlog
C:\Users\João Carraquico\Dropbox\CG1314\Computação Gráfica\Projectos\ArkanoidOP\ArkanoidOP\Debug\link.2532-rc.write.1.tlog
C:\Users\João Carraquico\Dropbox\CG1314\Computação Gráfica\Projectos\ArkanoidOP\ArkanoidOP\Debug\link.2532.read.1.tlog
C:\Users\João Carraquico\Dropbox\CG1314\Computação Gráfica\Projectos\ArkanoidOP\ArkanoidOP\Debug\link.2532.write.1.tlog
C:\Users\João Carraquico\Dropbox\CG1314\Computação Gráfica\Projectos\ArkanoidOP\ArkanoidOP\Debug\link.2612-cvtres.read.1.tlog
C:\Users\João Carraquico\Dropbox\CG1314\Computação Gráfica\Projectos\ArkanoidOP\ArkanoidOP\Debug\link.2612-cvtres.write.1.tlog
C:\Users\João Carraquico\Dropbox\CG1314\Computação Gráfica\Projectos\ArkanoidOP\ArkanoidOP\Debug\link.2612-rc.read.1.tlog
C:\Users\João Carraquico\Dropbox\CG1314\Computação Gráfica\Projectos\ArkanoidOP\ArkanoidOP\Debug\link.2612-rc.write.1.tlog
C:\Users\João Carraquico\Dropbox\CG1314\Computação Gráfica\Projectos\ArkanoidOP\ArkanoidOP\Debug\link.2612.read.1.tlog
C:\Users\João Carraquico\Dropbox\CG1314\Computação Gráfica\Projectos\ArkanoidOP\ArkanoidOP\Debug\link.2612.write.1.tlog
C:\Users\João Carraquico\Dropbox\CG1314\Computação Gráfica\Projectos\ArkanoidOP\ArkanoidOP\Debug\link.2652-cvtres.read.1.tlog
C:\Users\João Carraquico\Dropbox\CG1314\Computação Gráfica\Projectos\ArkanoidOP\ArkanoidOP\Debug\link.2652-cvtres.write.1.tlog
C:\Users\João Carraquico\Dropbox\CG1314\Computação Gráfica\Projectos\ArkanoidOP\ArkanoidOP\Debug\link.2652-rc.read.1.tlog
C:\Users\João Carraquico\Dropbox\CG1314\Computação Gráfica\Projectos\ArkanoidOP\ArkanoidOP\Debug\link.2652-rc.write.1.tlog
C:\Users\João Carraquico\Dropbox\CG1314\Computação Gráfica\Projectos\ArkanoidOP\ArkanoidOP\Debug\link.2652.read.1.tlog
C:\Users\João Carraquico\Dropbox\CG1314\Computação Gráfica\Projectos\ArkanoidOP\ArkanoidOP\Debug\link.2652.write.1.tlog
C:\Users\João Carraquico\Dropbox\CG1314\Computação Gráfica\Projectos\ArkanoidOP\ArkanoidOP\Debug\link.2732-cvtres.read.1.tlog
C:\Users\João Carraquico\Dropbox\CG1314\Computação Gráfica\Projectos\ArkanoidOP\ArkanoidOP\Debug\link.2732-cvtres.write.1.tlog
C:\Users\João Carraquico\Dropbox\CG1314\Computação Gráfica\Projectos\ArkanoidOP\ArkanoidOP\Debug\link.2732-rc.read.1.tlog
C:\Users\João Carraquico\Dropbox\CG1314\Computação Gráfica\Projectos\ArkanoidOP\ArkanoidOP\Debug\link.2732-rc.write.1.tlog
C:\Users\João Carraquico\Dropbox\CG1314\Computação Gráfica\Projectos\ArkanoidOP\ArkanoidOP\Debug\link.2732.read.1.tlog
C:\Users\João Carraquico\Dropbox\CG1314\Computação Gráfica\Projectos\ArkanoidOP\ArkanoidOP\Debug\link.2732.write.1.tlog
C:\Users\João Carraquico\Dropbox\CG1314\Computação Gráfica\Projectos\ArkanoidOP\ArkanoidOP\Debug\link.2784-cvtres.read.1.tlog
C:\Users\João Carraquico\Dropbox\CG1314\Computação Gráfica\Projectos\ArkanoidOP\ArkanoidOP\Debug\link.2784-cvtres.write.1.tlog
C:\Users\João Carraquico\Dropbox\CG1314\Computação Gráfica\Projectos\ArkanoidOP\ArkanoidOP\Debug\link.2784-rc.read.1.tlog
C:\Users\João Carraquico\Dropbox\CG1314\Computação Gráfica\Projectos\ArkanoidOP\ArkanoidOP\Debug\link.2784-rc.write.1.tlog
C:\Users\João Carraquico\Dropbox\CG1314\Computação Gráfica\Projectos\ArkanoidOP\ArkanoidOP\Debug\link.2784.read.1.tlog
C:\Users\João Carraquico\Dropbox\CG1314\Computação Gráfica\Projectos\ArkanoidOP\ArkanoidOP\Debug\link.2784.write.1.tlog
C:\Users\João Carraquico\Dropbox\CG1314\Computação Gráfica\Projectos\ArkanoidOP\ArkanoidOP\Debug\link.2800-cvtres.read.1.tlog
C:\Users\João Carraquico\Dropbox\CG1314\Computação Gráfica\Projectos\ArkanoidOP\ArkanoidOP\Debug\link.2800-cvtres.write.1.tlog
C:\Users\João Carraquico\Dropbox\CG1314\Computação Gráfica\Projectos\ArkanoidOP\ArkanoidOP\Debug\link.2800-rc.read.1.tlog
C:\Users\João Carraquico\Dropbox\CG1314\Computação Gráfica\Projectos\ArkanoidOP\ArkanoidOP\Debug\link.2800-rc.write.1.tlog
C:\Users\João Carraquico\Dropbox\CG1314\Computação Gráfica\Projectos\ArkanoidOP\ArkanoidOP\Debug\link.2800.read.1.tlog
C:\Users\João Carraquico\Dropbox\CG1314\Computação Gráfica\Projectos\ArkanoidOP\ArkanoidOP\Debug\link.2800.write.1.tlog
C:\Users\João Carraquico\Dropbox\CG1314\Computação Gráfica\Projectos\ArkanoidOP\ArkanoidOP\Debug\link.2880-cvtres.read.1.tlog
C:\Users\João Carraquico\Dropbox\CG1314\Computação Gráfica\Projectos\ArkanoidOP\ArkanoidOP\Debug\link.2880-cvtres.write.1.tlog
C:\Users\João Carraquico\Dropbox\CG1314\Computação Gráfica\Projectos\ArkanoidOP\ArkanoidOP\Debug\link.2880-rc.read.1.tlog
C:\Users\João Carraquico\Dropbox\CG1314\Computação Gráfica\Projectos\ArkanoidOP\ArkanoidOP\Debug\link.2880-rc.write.1.tlog
C:\Users\João Carraquico\Dropbox\CG1314\Computação Gráfica\Projectos\ArkanoidOP\ArkanoidOP\Debug\link.2880.read.1.tlog
C:\Users\João Carraquico\Dropbox\CG1314\Computação Gráfica\Projectos\ArkanoidOP\ArkanoidOP\Debug\link.2880.write.1.tlog
C:\Users\João Carraquico\Dropbox\CG1314\Computação Gráfica\Projectos\ArkanoidOP\ArkanoidOP\Debug\link.2888-cvtres.read.1.tlog
C:\Users\João Carraquico\Dropbox\CG1314\Computação Gráfica\Projectos\ArkanoidOP\ArkanoidOP\Debug\link.2888-cvtres.write.1.tlog
C:\Users\João Carraquico\Dropbox\CG1314\Computação Gráfica\Projectos\ArkanoidOP\ArkanoidOP\Debug\link.2888-rc.read.1.tlog
C:\Users\João Carraquico\Dropbox\CG1314\Computação Gráfica\Projectos\ArkanoidOP\ArkanoidOP\Debug\link.2888-rc.write.1.tlog
C:\Users\João Carraquico\Dropbox\CG1314\Computação Gráfica\Projectos\ArkanoidOP\ArkanoidOP\Debug\link.2888.read.1.tlog
C:\Users\João Carraquico\Dropbox\CG1314\Computação Gráfica\Projectos\ArkanoidOP\ArkanoidOP\Debug\link.2888.write.1.tlog
C:\Users\João Carraquico\Dropbox\CG1314\Computação Gráfica\Projectos\ArkanoidOP\ArkanoidOP\Debug\link.2928-cvtres.read.1.tlog
C:\Users\João Carraquico\Dropbox\CG1314\Computação Gráfica\Projectos\ArkanoidOP\ArkanoidOP\Debug\link.2928-cvtres.write.1.tlog
C:\Users\João Carraquico\Dropbox\CG1314\Computação Gráfica\Projectos\ArkanoidOP\ArkanoidOP\Debug\link.2928-rc.read.1.tlog
C:\Users\João Carraquico\Dropbox\CG1314\Computação Gráfica\Projectos\ArkanoidOP\ArkanoidOP\Debug\link.2928-rc.write.1.tlog
C:\Users\João Carraquico\Dropbox\CG1314\Computação Gráfica\Projectos\ArkanoidOP\ArkanoidOP\Debug\link.2928.read.1.tlog
C:\Users\João Carraquico\Dropbox\CG1314\Computação Gráfica\Projectos\ArkanoidOP\ArkanoidOP\Debug\link.2928.write.1.tlog
C:\Users\João Carraquico\Dropbox\CG1314\Computação Gráfica\Projectos\ArkanoidOP\ArkanoidOP\Debug\link.2940-cvtres.read.1.tlog
C:\Users\João Carraquico\Dropbox\CG1314\Computação Gráfica\Projectos\ArkanoidOP\ArkanoidOP\Debug\link.2940-cvtres.write.1.tlog
C:\Users\João Carraquico\Dropbox\CG1314\Computação Gráfica\Projectos\ArkanoidOP\ArkanoidOP\Debug\link.2940-rc.read.1.tlog
C:\Users\João Carraquico\Dropbox\CG1314\Computação Gráfica\Projectos\ArkanoidOP\ArkanoidOP\Debug\link.2940-rc.write.1.tlog
C:\Users\João Carraquico\Dropbox\CG1314\Computação Gráfica\Projectos\ArkanoidOP\ArkanoidOP\Debug\link.2940.read.1.tlog
C:\Users\João Carraquico\Dropbox\CG1314\Computação Gráfica\Projectos\ArkanoidOP\ArkanoidOP\Debug\link.2940.write.1.tlog
C:\Users\João Carraquico\Dropbox\CG1314\Computação Gráfica\Projectos\ArkanoidOP\ArkanoidOP\Debug\link.2960-cvtres.read.1.tlog
C:\Users\João Carraquico\Dropbox\CG1314\Computação Gráfica\Projectos\ArkanoidOP\ArkanoidOP\Debug\link.2960-cvtres.write.1.tlog
C:\Users\João Carraquico\Dropbox\CG1314\Computação Gráfica\Projectos\ArkanoidOP\ArkanoidOP\Debug\link.2960-rc.read.1.tlog
C:\Users\João Carraquico\Dropbox\CG1314\Computação Gráfica\Projectos\ArkanoidOP\ArkanoidOP\Debug\link.2960-rc.write.1.tlog
C:\Users\João Carraquico\Dropbox\CG1314\Computação Gráfica\Projectos\ArkanoidOP\ArkanoidOP\Debug\link.2960.read.1.tlog
C:\Users\João Carraquico\Dropbox\CG1314\Computação Gráfica\Projectos\ArkanoidOP\ArkanoidOP\Debug\link.2960.write.1.tlog
C:\Users\João Carraquico\Dropbox\CG1314\Computação Gráfica\Projectos\ArkanoidOP\ArkanoidOP\Debug\link.2972-cvtres.read.1.tlog
C:\Users\João Carraquico\Dropbox\CG1314\Computação Gráfica\Projectos\ArkanoidOP\ArkanoidOP\Debug\link.2972-cvtres.write.1.tlog
C:\Users\João Carraquico\Dropbox\CG1314\Computação Gráfica\Projectos\ArkanoidOP\ArkanoidOP\Debug\link.2972-rc.read.1.tlog
C:\Users\João Carraquico\Dropbox\CG1314\Computação Gráfica\Projectos\ArkanoidOP\ArkanoidOP\Debug\link.2972-rc.write.1.tlog
C:\Users\João Carraquico\Dropbox\CG1314\Computação Gráfica\Projectos\ArkanoidOP\ArkanoidOP\Debug\link.2972.read.1.tlog
C:\Users\João Carraquico\Dropbox\CG1314\Computação Gráfica\Projectos\ArkanoidOP\ArkanoidOP\Debug\link.2972.write.1.tlog
C:\Users\João Carraquico\Dropbox\CG1314\Computação Gráfica\Projectos\ArkanoidOP\ArkanoidOP\Debug\link.2988-cvtres.read.1.tlog
C:\Users\João Carraquico\Dropbox\CG1314\Computação Gráfica\Projectos\ArkanoidOP\ArkanoidOP\Debug\link.2988-cvtres.write.1.tlog
C:\Users\João Carraquico\Dropbox\CG1314\Computação Gráfica\Projectos\ArkanoidOP\ArkanoidOP\Debug\link.2988-rc.read.1.tlog
C:\Users\João Carraquico\Dropbox\CG1314\Computação Gráfica\Projectos\ArkanoidOP\ArkanoidOP\Debug\link.2988-rc.write.1.tlog
C:\Users\João Carraquico\Dropbox\CG1314\Computação Gráfica\Projectos\ArkanoidOP\ArkanoidOP\Debug\link.2988.read.1.tlog
C:\Users\João Carraquico\Dropbox\CG1314\Computação Gráfica\Projectos\ArkanoidOP\ArkanoidOP\Debug\link.2988.write.1.tlog
C:\Users\João Carraquico\Dropbox\CG1314\Computação Gráfica\Projectos\ArkanoidOP\ArkanoidOP\Debug\link.3016-cvtres.read.1.tlog
C:\Users\João Carraquico\Dropbox\CG1314\Computação Gráfica\Projectos\ArkanoidOP\ArkanoidOP\Debug\link.3016-cvtres.write.1.tlog
C:\Users\João Carraquico\Dropbox\CG1314\Computação Gráfica\Projectos\ArkanoidOP\ArkanoidOP\Debug\link.3016-rc.read.1.tlog
C:\Users\João Carraquico\Dropbox\CG1314\Computação Gráfica\Projectos\ArkanoidOP\ArkanoidOP\Debug\link.3016-rc.write.1.tlog
C:\Users\João Carraquico\Dropbox\CG1314\Computação Gráfica\Projectos\ArkanoidOP\ArkanoidOP\Debug\link.3016.read.1.tlog
C:\Users\João Carraquico\Dropbox\CG1314\Computação Gráfica\Projectos\ArkanoidOP\ArkanoidOP\Debug\link.3016.write.1.tlog
C:\Users\João Carraquico\Dropbox\CG1314\Computação Gráfica\Projectos\ArkanoidOP\ArkanoidOP\Debug\link.3068-cvtres.read.1.tlog
C:\Users\João Carraquico\Dropbox\CG1314\Computação Gráfica\Projectos\ArkanoidOP\ArkanoidOP\Debug\link.3068-cvtres.write.1.tlog
C:\Users\João Carraquico\Dropbox\CG1314\Computação Gráfica\Projectos\ArkanoidOP\ArkanoidOP\Debug\link.3068-rc.read.1.tlog
C:\Users\João Carraquico\Dropbox\CG1314\Computação Gráfica\Projectos\ArkanoidOP\ArkanoidOP\Debug\link.3068-rc.write.1.tlog
C:\Users\João Carraquico\Dropbox\CG1314\Computação Gráfica\Projectos\ArkanoidOP\ArkanoidOP\Debug\link.3068.read.1.tlog
C:\Users\João Carraquico\Dropbox\CG1314\Computação Gráfica\Projectos\ArkanoidOP\ArkanoidOP\Debug\link.3068.write.1.tlog
C:\Users\João Carraquico\Dropbox\CG1314\Computação Gráfica\Projectos\ArkanoidOP\ArkanoidOP\Debug\link.3116-cvtres.read.1.tlog
C:\Users\João Carraquico\Dropbox\CG1314\Computação Gráfica\Projectos\ArkanoidOP\ArkanoidOP\Debug\link.3116-cvtres.write.1.tlog
C:\Users\João Carraquico\Dropbox\CG1314\Computação Gráfica\Projectos\ArkanoidOP\ArkanoidOP\Debug\link.3116-rc.read.1.tlog
C:\Users\João Carraquico\Dropbox\CG1314\Computação Gráfica\Projectos\ArkanoidOP\ArkanoidOP\Debug\link.3116-rc.write.1.tlog
C:\Users\João Carraquico\Dropbox\CG1314\Computação Gráfica\Projectos\ArkanoidOP\ArkanoidOP\Debug\link.3116.read.1.tlog
C:\Users\João Carraquico\Dropbox\CG1314\Computação Gráfica\Projectos\ArkanoidOP\ArkanoidOP\Debug\link.3116.write.1.tlog
C:\Users\João Carraquico\Dropbox\CG1314\Computação Gráfica\Projectos\ArkanoidOP\ArkanoidOP\Debug\link.3176-cvtres.read.1.tlog
C:\Users\João Carraquico\Dropbox\CG1314\Computação Gráfica\Projectos\ArkanoidOP\ArkanoidOP\Debug\link.3176-cvtres.write.1.tlog
C:\Users\João Carraquico\Dropbox\CG1314\Computação Gráfica\Projectos\ArkanoidOP\ArkanoidOP\Debug\link.3176-rc.read.1.tlog
C:\Users\João Carraquico\Dropbox\CG1314\Computação Gráfica\Projectos\ArkanoidOP\ArkanoidOP\Debug\link.3176-rc.write.1.tlog
C:\Users\João Carraquico\Dropbox\CG1314\Computação Gráfica\Projectos\ArkanoidOP\ArkanoidOP\Debug\link.3176.read.1.tlog
C:\Users\João Carraquico\Dropbox\CG1314\Computação Gráfica\Projectos\ArkanoidOP\ArkanoidOP\Debug\link.3176.write.1.tlog
C:\Users\João Carraquico\Dropbox\CG1314\Computação Gráfica\Projectos\ArkanoidOP\ArkanoidOP\Debug\link.3312-cvtres.read.1.tlog
C:\Users\João Carraquico\Dropbox\CG1314\Computação Gráfica\Projectos\ArkanoidOP\ArkanoidOP\Debug\link.3312-cvtres.write.1.tlog
C:\Users\João Carraquico\Dropbox\CG1314\Computação Gráfica\Projectos\ArkanoidOP\ArkanoidOP\Debug\link.3312-rc.read.1.tlog
C:\Users\João Carraquico\Dropbox\CG1314\Computação Gráfica\Projectos\ArkanoidOP\ArkanoidOP\Debug\link.3312-rc.write.1.tlog
C:\Users\João Carraquico\Dropbox\CG1314\Computação Gráfica\Projectos\ArkanoidOP\ArkanoidOP\Debug\link.3312.read.1.tlog
C:\Users\João Carraquico\Dropbox\CG1314\Computação Gráfica\Projectos\ArkanoidOP\ArkanoidOP\Debug\link.3312.write.1.tlog
C:\Users\João Carraquico\Dropbox\CG1314\Computação Gráfica\Projectos\ArkanoidOP\ArkanoidOP\Debug\link.3360-cvtres.read.1.tlog
C:\Users\João Carraquico\Dropbox\CG1314\Computação Gráfica\Projectos\ArkanoidOP\ArkanoidOP\Debug\link.3360-cvtres.write.1.tlog
C:\Users\João Carraquico\Dropbox\CG1314\Computação Gráfica\Projectos\ArkanoidOP\ArkanoidOP\Debug\link.3360-rc.read.1.tlog
C:\Users\João Carraquico\Dropbox\CG1314\Computação Gráfica\Projectos\ArkanoidOP\ArkanoidOP\Debug\link.3360-rc.write.1.tlog
C:\Users\João Carraquico\Dropbox\CG1314\Computação Gráfica\Projectos\ArkanoidOP\ArkanoidOP\Debug\link.3360.read.1.tlog
C:\Users\João Carraquico\Dropbox\CG1314\Computação Gráfica\Projectos\ArkanoidOP\ArkanoidOP\Debug\link.3360.write.1.tlog
C:\Users\João Carraquico\Dropbox\CG1314\Computação Gráfica\Projectos\ArkanoidOP\ArkanoidOP\Debug\link.3392-cvtres.read.1.tlog
C:\Users\João Carraquico\Dropbox\CG1314\Computação Gráfica\Projectos\ArkanoidOP\ArkanoidOP\Debug\link.3392-cvtres.write.1.tlog
C:\Users\João Carraquico\Dropbox\CG1314\Computação Gráfica\Projectos\ArkanoidOP\ArkanoidOP\Debug\link.3392-rc.read.1.tlog
C:\Users\João Carraquico\Dropbox\CG1314\Computação Gráfica\Projectos\ArkanoidOP\ArkanoidOP\Debug\link.3392-rc.write.1.tlog
C:\Users\João Carraquico\Dropbox\CG1314\Computação Gráfica\Projectos\ArkanoidOP\ArkanoidOP\Debug\link.3392.read.1.tlog
C:\Users\João Carraquico\Dropbox\CG1314\Computação Gráfica\Projectos\ArkanoidOP\ArkanoidOP\Debug\link.3392.write.1.tlog
C:\Users\João Carraquico\Dropbox\CG1314\Computação Gráfica\Projectos\ArkanoidOP\ArkanoidOP\Debug\link.3440-cvtres.read.1.tlog
C:\Users\João Carraquico\Dropbox\CG1314\Computação Gráfica\Projectos\ArkanoidOP\ArkanoidOP\Debug\link.3440-cvtres.write.1.tlog
C:\Users\João Carraquico\Dropbox\CG1314\Computação Gráfica\Projectos\ArkanoidOP\ArkanoidOP\Debug\link.3440-rc.read.1.tlog
C:\Users\João Carraquico\Dropbox\CG1314\Computação Gráfica\Projectos\ArkanoidOP\ArkanoidOP\Debug\link.3440-rc.write.1.tlog
C:\Users\João Carraquico\Dropbox\CG1314\Computação Gráfica\Projectos\ArkanoidOP\ArkanoidOP\Debug\link.3440.read.1.tlog
C:\Users\João Carraquico\Dropbox\CG1314\Computação Gráfica\Projectos\ArkanoidOP\ArkanoidOP\Debug\link.3440.write.1.tlog
C:\Users\João Carraquico\Dropbox\CG1314\Computação Gráfica\Projectos\ArkanoidOP\ArkanoidOP\Debug\link.3488-cvtres.read.1.tlog
C:\Users\João Carraquico\Dropbox\CG1314\Computação Gráfica\Projectos\ArkanoidOP\ArkanoidOP\Debug\link.3488-cvtres.write.1.tlog
C:\Users\João Carraquico\Dropbox\CG1314\Computação Gráfica\Projectos\ArkanoidOP\ArkanoidOP\Debug\link.3488-rc.read.1.tlog
C:\Users\João Carraquico\Dropbox\CG1314\Computação Gráfica\Projectos\ArkanoidOP\ArkanoidOP\Debug\link.3488-rc.write.1.tlog
C:\Users\João Carraquico\Dropbox\CG1314\Computação Gráfica\Projectos\ArkanoidOP\ArkanoidOP\Debug\link.3488.read.1.tlog
C:\Users\João Carraquico\Dropbox\CG1314\Computação Gráfica\Projectos\ArkanoidOP\ArkanoidOP\Debug\link.3488.write.1.tlog
C:\Users\João Carraquico\Dropbox\CG1314\Computação Gráfica\Projectos\ArkanoidOP\ArkanoidOP\Debug\link.3604-cvtres.read.1.tlog
C:\Users\João Carraquico\Dropbox\CG1314\Computação Gráfica\Projectos\ArkanoidOP\ArkanoidOP\Debug\link.3604-cvtres.write.1.tlog
C:\Users\João Carraquico\Dropbox\CG1314\Computação Gráfica\Projectos\ArkanoidOP\ArkanoidOP\Debug\link.3604-rc.read.1.tlog
C:\Users\João Carraquico\Dropbox\CG1314\Computação Gráfica\Projectos\ArkanoidOP\ArkanoidOP\Debug\link.3604-rc.write.1.tlog
C:\Users\João Carraquico\Dropbox\CG1314\Computação Gráfica\Projectos\ArkanoidOP\ArkanoidOP\Debug\link.3604.read.1.tlog
C:\Users\João Carraquico\Dropbox\CG1314\Computação Gráfica\Projectos\ArkanoidOP\ArkanoidOP\Debug\link.3604.write.1.tlog
C:\Users\João Carraquico\Dropbox\CG1314\Computação Gráfica\Projectos\ArkanoidOP\ArkanoidOP\Debug\link.3636-cvtres.read.1.tlog
C:\Users\João Carraquico\Dropbox\CG1314\Computação Gráfica\Projectos\ArkanoidOP\ArkanoidOP\Debug\link.3636-cvtres.write.1.tlog
C:\Users\João Carraquico\Dropbox\CG1314\Computação Gráfica\Projectos\ArkanoidOP\ArkanoidOP\Debug\link.3636-rc.read.1.tlog
C:\Users\João Carraquico\Dropbox\CG1314\Computação Gráfica\Projectos\ArkanoidOP\ArkanoidOP\Debug\link.3636-rc.write.1.tlog
C:\Users\João Carraquico\Dropbox\CG1314\Computação Gráfica\Projectos\ArkanoidOP\ArkanoidOP\Debug\link.3636.read.1.tlog
C:\Users\João Carraquico\Dropbox\CG1314\Computação Gráfica\Projectos\ArkanoidOP\ArkanoidOP\Debug\link.3636.write.1.tlog
C:\Users\João Carraquico\Dropbox\CG1314\Computação Gráfica\Projectos\ArkanoidOP\ArkanoidOP\Debug\link.3732-cvtres.read.1.tlog
C:\Users\João Carraquico\Dropbox\CG1314\Computação Gráfica\Projectos\ArkanoidOP\ArkanoidOP\Debug\link.3732-cvtres.write.1.tlog
C:\Users\João Carraquico\Dropbox\CG1314\Computação Gráfica\Projectos\ArkanoidOP\ArkanoidOP\Debug\link.3732-rc.read.1.tlog
C:\Users\João Carraquico\Dropbox\CG1314\Computação Gráfica\Projectos\ArkanoidOP\ArkanoidOP\Debug\link.3732-rc.write.1.tlog
C:\Users\João Carraquico\Dropbox\CG1314\Computação Gráfica\Projectos\ArkanoidOP\ArkanoidOP\Debug\link.3732.read.1.tlog
C:\Users\João Carraquico\Dropbox\CG1314\Computação Gráfica\Projectos\ArkanoidOP\ArkanoidOP\Debug\link.3732.write.1.tlog
C:\Users\João Carraquico\Dropbox\CG1314\Computação Gráfica\Projectos\ArkanoidOP\ArkanoidOP\Debug\link.3740-cvtres.read.1.tlog
C:\Users\João Carraquico\Dropbox\CG1314\Computação Gráfica\Projectos\ArkanoidOP\ArkanoidOP\Debug\link.3740-cvtres.write.1.tlog
C:\Users\João Carraquico\Dropbox\CG1314\Computação Gráfica\Projectos\ArkanoidOP\ArkanoidOP\Debug\link.3740-rc.read.1.tlog
C:\Users\João Carraquico\Dropbox\CG1314\Computação Gráfica\Projectos\ArkanoidOP\ArkanoidOP\Debug\link.3740-rc.write.1.tlog
C:\Users\João Carraquico\Dropbox\CG1314\Computação Gráfica\Projectos\ArkanoidOP\ArkanoidOP\Debug\link.3740.read.1.tlog
C:\Users\João Carraquico\Dropbox\CG1314\Computação Gráfica\Projectos\ArkanoidOP\ArkanoidOP\Debug\link.3740.write.1.tlog
C:\Users\João Carraquico\Dropbox\CG1314\Computação Gráfica\Projectos\ArkanoidOP\ArkanoidOP\Debug\link.3776-cvtres.read.1.tlog
C:\Users\João Carraquico\Dropbox\CG1314\Computação Gráfica\Projectos\ArkanoidOP\ArkanoidOP\Debug\link.3776-cvtres.write.1.tlog
C:\Users\João Carraquico\Dropbox\CG1314\Computação Gráfica\Projectos\ArkanoidOP\ArkanoidOP\Debug\link.3776-rc.read.1.tlog
C:\Users\João Carraquico\Dropbox\CG1314\Computação Gráfica\Projectos\ArkanoidOP\ArkanoidOP\Debug\link.3776-rc.write.1.tlog
C:\Users\João Carraquico\Dropbox\CG1314\Computação Gráfica\Projectos\ArkanoidOP\ArkanoidOP\Debug\link.3776.read.1.tlog
C:\Users\João Carraquico\Dropbox\CG1314\Computação Gráfica\Projectos\ArkanoidOP\ArkanoidOP\Debug\link.3776.write.1.tlog
C:\Users\João Carraquico\Dropbox\CG1314\Computação Gráfica\Projectos\ArkanoidOP\ArkanoidOP\Debug\link.3880-cvtres.read.1.tlog
C:\Users\João Carraquico\Dropbox\CG1314\Computação Gráfica\Projectos\ArkanoidOP\ArkanoidOP\Debug\link.3880-cvtres.write.1.tlog
C:\Users\João Carraquico\Dropbox\CG1314\Computação Gráfica\Projectos\ArkanoidOP\ArkanoidOP\Debug\link.3880-rc.read.1.tlog
C:\Users\João Carraquico\Dropbox\CG1314\Computação Gráfica\Projectos\ArkanoidOP\ArkanoidOP\Debug\link.3880-rc.write.1.tlog
C:\Users\João Carraquico\Dropbox\CG1314\Computação Gráfica\Projectos\ArkanoidOP\ArkanoidOP\Debug\link.3880.read.1.tlog
C:\Users\João Carraquico\Dropbox\CG1314\Computação Gráfica\Projectos\ArkanoidOP\ArkanoidOP\Debug\link.3880.write.1.tlog
C:\Users\João Carraquico\Dropbox\CG1314\Computação Gráfica\Projectos\ArkanoidOP\ArkanoidOP\Debug\link.3948-cvtres.read.1.tlog
C:\Users\João Carraquico\Dropbox\CG1314\Computação Gráfica\Projectos\ArkanoidOP\ArkanoidOP\Debug\link.3948-cvtres.write.1.tlog
C:\Users\João Carraquico\Dropbox\CG1314\Computação Gráfica\Projectos\ArkanoidOP\ArkanoidOP\Debug\link.3948-rc.read.1.tlog
C:\Users\João Carraquico\Dropbox\CG1314\Computação Gráfica\Projectos\ArkanoidOP\ArkanoidOP\Debug\link.3948-rc.write.1.tlog
C:\Users\João Carraquico\Dropbox\CG1314\Computação Gráfica\Projectos\ArkanoidOP\ArkanoidOP\Debug\link.3948.read.1.tlog
C:\Users\João Carraquico\Dropbox\CG1314\Computação Gráfica\Projectos\ArkanoidOP\ArkanoidOP\Debug\link.3948.write.1.tlog
C:\Users\João Carraquico\Dropbox\CG1314\Computação Gráfica\Projectos\ArkanoidOP\ArkanoidOP\Debug\link.4084-cvtres.read.1.tlog
C:\Users\João Carraquico\Dropbox\CG1314\Computação Gráfica\Projectos\ArkanoidOP\ArkanoidOP\Debug\link.4084-cvtres.write.1.tlog
C:\Users\João Carraquico\Dropbox\CG1314\Computação Gráfica\Projectos\ArkanoidOP\ArkanoidOP\Debug\link.4084-rc.read.1.tlog
C:\Users\João Carraquico\Dropbox\CG1314\Computação Gráfica\Projectos\ArkanoidOP\ArkanoidOP\Debug\link.4084-rc.write.1.tlog
C:\Users\João Carraquico\Dropbox\CG1314\Computação Gráfica\Projectos\ArkanoidOP\ArkanoidOP\Debug\link.4084.read.1.tlog
C:\Users\João Carraquico\Dropbox\CG1314\Computação Gráfica\Projectos\ArkanoidOP\ArkanoidOP\Debug\link.4084.write.1.tlog
C:\Users\João Carraquico\Dropbox\CG1314\Computação Gráfica\Projectos\ArkanoidOP\ArkanoidOP\Debug\link.4136-cvtres.read.1.tlog
C:\Users\João Carraquico\Dropbox\CG1314\Computação Gráfica\Projectos\ArkanoidOP\ArkanoidOP\Debug\link.4136-cvtres.write.1.tlog
C:\Users\João Carraquico\Dropbox\CG1314\Computação Gráfica\Projectos\ArkanoidOP\ArkanoidOP\Debug\link.4136-rc.read.1.tlog
C:\Users\João Carraquico\Dropbox\CG1314\Computação Gráfica\Projectos\ArkanoidOP\ArkanoidOP\Debug\link.4136-rc.write.1.tlog
C:\Users\João Carraquico\Dropbox\CG1314\Computação Gráfica\Projectos\ArkanoidOP\ArkanoidOP\Debug\link.4136.read.1.tlog
C:\Users\João Carraquico\Dropbox\CG1314\Computação Gráfica\Projectos\ArkanoidOP\ArkanoidOP\Debug\link.4136.write.1.tlog
C:\Users\João Carraquico\Dropbox\CG1314\Computação Gráfica\Projectos\ArkanoidOP\ArkanoidOP\Debug\link.420-cvtres.read.1.tlog
C:\Users\João Carraquico\Dropbox\CG1314\Computação Gráfica\Projectos\ArkanoidOP\ArkanoidOP\Debug\link.420-cvtres.write.1.tlog
C:\Users\João Carraquico\Dropbox\CG1314\Computação Gráfica\Projectos\ArkanoidOP\ArkanoidOP\Debug\link.420-rc.read.1.tlog
C:\Users\João Carraquico\Dropbox\CG1314\Computação Gráfica\Projectos\ArkanoidOP\ArkanoidOP\Debug\link.420-rc.write.1.tlog
C:\Users\João Carraquico\Dropbox\CG1314\Computação Gráfica\Projectos\ArkanoidOP\ArkanoidOP\Debug\link.420.read.1.tlog
C:\Users\João Carraquico\Dropbox\CG1314\Computação Gráfica\Projectos\ArkanoidOP\ArkanoidOP\Debug\link.420.write.1.tlog
C:\Users\João Carraquico\Dropbox\CG1314\Computação Gráfica\Projectos\ArkanoidOP\ArkanoidOP\Debug\link.4216-cvtres.read.1.tlog
C:\Users\João Carraquico\Dropbox\CG1314\Computação Gráfica\Projectos\ArkanoidOP\ArkanoidOP\Debug\link.4216-cvtres.write.1.tlog
C:\Users\João Carraquico\Dropbox\CG1314\Computação Gráfica\Projectos\ArkanoidOP\ArkanoidOP\Debug\link.4216-rc.read.1.tlog
C:\Users\João Carraquico\Dropbox\CG1314\Computação Gráfica\Projectos\ArkanoidOP\ArkanoidOP\Debug\link.4216-rc.write.1.tlog
C:\Users\João Carraquico\Dropbox\CG1314\Computação Gráfica\Projectos\ArkanoidOP\ArkanoidOP\Debug\link.4216.read.1.tlog
C:\Users\João Carraquico\Dropbox\CG1314\Computação Gráfica\Projectos\ArkanoidOP\ArkanoidOP\Debug\link.4216.write.1.tlog
C:\Users\João Carraquico\Dropbox\CG1314\Computação Gráfica\Projectos\ArkanoidOP\ArkanoidOP\Debug\link.428-cvtres.read.1.tlog
C:\Users\João Carraquico\Dropbox\CG1314\Computação Gráfica\Projectos\ArkanoidOP\ArkanoidOP\Debug\link.428-cvtres.write.1.tlog
C:\Users\João Carraquico\Dropbox\CG1314\Computação Gráfica\Projectos\ArkanoidOP\ArkanoidOP\Debug\link.428-rc.read.1.tlog
C:\Users\João Carraquico\Dropbox\CG1314\Computação Gráfica\Projectos\ArkanoidOP\ArkanoidOP\Debug\link.428-rc.write.1.tlog
C:\Users\João Carraquico\Dropbox\CG1314\Computação Gráfica\Projectos\ArkanoidOP\ArkanoidOP\Debug\link.428.read.1.tlog
C:\Users\João Carraquico\Dropbox\CG1314\Computação Gráfica\Projectos\ArkanoidOP\ArkanoidOP\Debug\link.428.write.1.tlog
C:\Users\João Carraquico\Dropbox\CG1314\Computação Gráfica\Projectos\ArkanoidOP\ArkanoidOP\Debug\link.4292-cvtres.read.1.tlog
C:\Users\João Carraquico\Dropbox\CG1314\Computação Gráfica\Projectos\ArkanoidOP\ArkanoidOP\Debug\link.4292-cvtres.write.1.tlog
C:\Users\João Carraquico\Dropbox\CG1314\Computação Gráfica\Projectos\ArkanoidOP\ArkanoidOP\Debug\link.4292-rc.read.1.tlog
C:\Users\João Carraquico\Dropbox\CG1314\Computação Gráfica\Projectos\ArkanoidOP\ArkanoidOP\Debug\link.4292-rc.write.1.tlog
C:\Users\João Carraquico\Dropbox\CG1314\Computação Gráfica\Projectos\ArkanoidOP\ArkanoidOP\Debug\link.4292.read.1.tlog
C:\Users\João Carraquico\Dropbox\CG1314\Computação Gráfica\Projectos\ArkanoidOP\ArkanoidOP\Debug\link.4292.write.1.tlog
C:\Users\João Carraquico\Dropbox\CG1314\Computação Gráfica\Projectos\ArkanoidOP\ArkanoidOP\Debug\link.4316-cvtres.read.1.tlog
C:\Users\João Carraquico\Dropbox\CG1314\Computação Gráfica\Projectos\ArkanoidOP\ArkanoidOP\Debug\link.4316-cvtres.write.1.tlog
C:\Users\João Carraquico\Dropbox\CG1314\Computação Gráfica\Projectos\ArkanoidOP\ArkanoidOP\Debug\link.4316-rc.read.1.tlog
C:\Users\João Carraquico\Dropbox\CG1314\Computação Gráfica\Projectos\ArkanoidOP\ArkanoidOP\Debug\link.4316-rc.write.1.tlog
C:\Users\João Carraquico\Dropbox\CG1314\Computação Gráfica\Projectos\ArkanoidOP\ArkanoidOP\Debug\link.4316.read.1.tlog
C:\Users\João Carraquico\Dropbox\CG1314\Computação Gráfica\Projectos\ArkanoidOP\ArkanoidOP\Debug\link.4316.write.1.tlog
C:\Users\João Carraquico\Dropbox\CG1314\Computação Gráfica\Projectos\ArkanoidOP\ArkanoidOP\Debug\link.4356-cvtres.read.1.tlog
C:\Users\João Carraquico\Dropbox\CG1314\Computação Gráfica\Projectos\ArkanoidOP\ArkanoidOP\Debug\link.4356-cvtres.write.1.tlog
C:\Users\João Carraquico\Dropbox\CG1314\Computação Gráfica\Projectos\ArkanoidOP\ArkanoidOP\Debug\link.4356-rc.read.1.tlog
C:\Users\João Carraquico\Dropbox\CG1314\Computação Gráfica\Projectos\ArkanoidOP\ArkanoidOP\Debug\link.4356-rc.write.1.tlog
C:\Users\João Carraquico\Dropbox\CG1314\Computação Gráfica\Projectos\ArkanoidOP\ArkanoidOP\Debug\link.4356.read.1.tlog
C:\Users\João Carraquico\Dropbox\CG1314\Computação Gráfica\Projectos\ArkanoidOP\ArkanoidOP\Debug\link.4356.write.1.tlog
C:\Users\João Carraquico\Dropbox\CG1314\Computação Gráfica\Projectos\ArkanoidOP\ArkanoidOP\Debug\link.4376-cvtres.read.1.tlog
C:\Users\João Carraquico\Dropbox\CG1314\Computação Gráfica\Projectos\ArkanoidOP\ArkanoidOP\Debug\link.4376-cvtres.write.1.tlog
C:\Users\João Carraquico\Dropbox\CG1314\Computação Gráfica\Projectos\ArkanoidOP\ArkanoidOP\Debug\link.4376-rc.read.1.tlog
C:\Users\João Carraquico\Dropbox\CG1314\Computação Gráfica\Projectos\ArkanoidOP\ArkanoidOP\Debug\link.4376-rc.write.1.tlog
C:\Users\João Carraquico\Dropbox\CG1314\Computação Gráfica\Projectos\ArkanoidOP\ArkanoidOP\Debug\link.4376.read.1.tlog
C:\Users\João Carraquico\Dropbox\CG1314\Computação Gráfica\Projectos\ArkanoidOP\ArkanoidOP\Debug\link.4376.write.1.tlog
C:\Users\João Carraquico\Dropbox\CG1314\Computação Gráfica\Projectos\ArkanoidOP\ArkanoidOP\Debug\link.4384-cvtres.read.1.tlog
C:\Users\João Carraquico\Dropbox\CG1314\Computação Gráfica\Projectos\ArkanoidOP\ArkanoidOP\Debug\link.4384-cvtres.write.1.tlog
C:\Users\João Carraquico\Dropbox\CG1314\Computação Gráfica\Projectos\ArkanoidOP\ArkanoidOP\Debug\link.4384-rc.read.1.tlog
C:\Users\João Carraquico\Dropbox\CG1314\Computação Gráfica\Projectos\ArkanoidOP\ArkanoidOP\Debug\link.4384-rc.write.1.tlog
C:\Users\João Carraquico\Dropbox\CG1314\Computação Gráfica\Projectos\ArkanoidOP\ArkanoidOP\Debug\link.4384.read.1.tlog
C:\Users\João Carraquico\Dropbox\CG1314\Computação Gráfica\Projectos\ArkanoidOP\ArkanoidOP\Debug\link.4384.write.1.tlog
C:\Users\João Carraquico\Dropbox\CG1314\Computação Gráfica\Projectos\ArkanoidOP\ArkanoidOP\Debug\link.44-cvtres.read.1.tlog
C:\Users\João Carraquico\Dropbox\CG1314\Computação Gráfica\Projectos\ArkanoidOP\ArkanoidOP\Debug\link.44-cvtres.write.1.tlog
C:\Users\João Carraquico\Dropbox\CG1314\Computação Gráfica\Projectos\ArkanoidOP\ArkanoidOP\Debug\link.44-rc.read.1.tlog
C:\Users\João Carraquico\Dropbox\CG1314\Computação Gráfica\Projectos\ArkanoidOP\ArkanoidOP\Debug\link.44-rc.write.1.tlog
C:\Users\João Carraquico\Dropbox\CG1314\Computação Gráfica\Projectos\ArkanoidOP\ArkanoidOP\Debug\link.44.read.1.tlog
C:\Users\João Carraquico\Dropbox\CG1314\Computação Gráfica\Projectos\ArkanoidOP\ArkanoidOP\Debug\link.44.write.1.tlog
C:\Users\João Carraquico\Dropbox\CG1314\Computação Gráfica\Projectos\ArkanoidOP\ArkanoidOP\Debug\link.4468-cvtres.read.1.tlog
C:\Users\João Carraquico\Dropbox\CG1314\Computação Gráfica\Projectos\ArkanoidOP\ArkanoidOP\Debug\link.4468-cvtres.write.1.tlog
C:\Users\João Carraquico\Dropbox\CG1314\Computação Gráfica\Projectos\ArkanoidOP\ArkanoidOP\Debug\link.4468-rc.read.1.tlog
C:\Users\João Carraquico\Dropbox\CG1314\Computação Gráfica\Projectos\ArkanoidOP\ArkanoidOP\Debug\link.4468-rc.write.1.tlog
C:\Users\João Carraquico\Dropbox\CG1314\Computação Gráfica\Projectos\ArkanoidOP\ArkanoidOP\Debug\link.4468.read.1.tlog
C:\Users\João Carraquico\Dropbox\CG1314\Computação Gráfica\Projectos\ArkanoidOP\ArkanoidOP\Debug\link.4468.write.1.tlog
C:\Users\João Carraquico\Dropbox\CG1314\Computação Gráfica\Projectos\ArkanoidOP\ArkanoidOP\Debug\link.4488-cvtres.read.1.tlog
C:\Users\João Carraquico\Dropbox\CG1314\Computação Gráfica\Projectos\ArkanoidOP\ArkanoidOP\Debug\link.4488-cvtres.write.1.tlog
C:\Users\João Carraquico\Dropbox\CG1314\Computação Gráfica\Projectos\ArkanoidOP\ArkanoidOP\Debug\link.4488-rc.read.1.tlog
C:\Users\João Carraquico\Dropbox\CG1314\Computação Gráfica\Projectos\ArkanoidOP\ArkanoidOP\Debug\link.4488-rc.write.1.tlog
C:\Users\João Carraquico\Dropbox\CG1314\Computação Gráfica\Projectos\ArkanoidOP\ArkanoidOP\Debug\link.4488.read.1.tlog
C:\Users\João Carraquico\Dropbox\CG1314\Computação Gráfica\Projectos\ArkanoidOP\ArkanoidOP\Debug\link.4488.write.1.tlog
C:\Users\João Carraquico\Dropbox\CG1314\Computação Gráfica\Projectos\ArkanoidOP\ArkanoidOP\Debug\link.4508-cvtres.read.1.tlog
C:\Users\João Carraquico\Dropbox\CG1314\Computação Gráfica\Projectos\ArkanoidOP\ArkanoidOP\Debug\link.4508-cvtres.write.1.tlog
C:\Users\João Carraquico\Dropbox\CG1314\Computação Gráfica\Projectos\ArkanoidOP\ArkanoidOP\Debug\link.4508-rc.read.1.tlog
C:\Users\João Carraquico\Dropbox\CG1314\Computação Gráfica\Projectos\ArkanoidOP\ArkanoidOP\Debug\link.4508-rc.write.1.tlog
C:\Users\João Carraquico\Dropbox\CG1314\Computação Gráfica\Projectos\ArkanoidOP\ArkanoidOP\Debug\link.4508.read.1.tlog
C:\Users\João Carraquico\Dropbox\CG1314\Computação Gráfica\Projectos\ArkanoidOP\ArkanoidOP\Debug\link.4508.write.1.tlog
C:\Users\João Carraquico\Dropbox\CG1314\Computação Gráfica\Projectos\ArkanoidOP\ArkanoidOP\Debug\link.4600-cvtres.read.1.tlog
C:\Users\João Carraquico\Dropbox\CG1314\Computação Gráfica\Projectos\ArkanoidOP\ArkanoidOP\Debug\link.4600-cvtres.write.1.tlog
C:\Users\João Carraquico\Dropbox\CG1314\Computação Gráfica\Projectos\ArkanoidOP\ArkanoidOP\Debug\link.4600-rc.read.1.tlog
C:\Users\João Carraquico\Dropbox\CG1314\Computação Gráfica\Projectos\ArkanoidOP\ArkanoidOP\Debug\link.4600-rc.write.1.tlog
C:\Users\João Carraquico\Dropbox\CG1314\Computação Gráfica\Projectos\ArkanoidOP\ArkanoidOP\Debug\link.4600.read.1.tlog
C:\Users\João Carraquico\Dropbox\CG1314\Computação Gráfica\Projectos\ArkanoidOP\ArkanoidOP\Debug\link.4600.write.1.tlog
C:\Users\João Carraquico\Dropbox\CG1314\Computação Gráfica\Projectos\ArkanoidOP\ArkanoidOP\Debug\link.4620-cvtres.read.1.tlog
C:\Users\João Carraquico\Dropbox\CG1314\Computação Gráfica\Projectos\ArkanoidOP\ArkanoidOP\Debug\link.4620-cvtres.write.1.tlog
C:\Users\João Carraquico\Dropbox\CG1314\Computação Gráfica\Projectos\ArkanoidOP\ArkanoidOP\Debug\link.4620-rc.read.1.tlog
C:\Users\João Carraquico\Dropbox\CG1314\Computação Gráfica\Projectos\ArkanoidOP\ArkanoidOP\Debug\link.4620-rc.write.1.tlog
C:\Users\João Carraquico\Dropbox\CG1314\Computação Gráfica\Projectos\ArkanoidOP\ArkanoidOP\Debug\link.4620.read.1.tlog
C:\Users\João Carraquico\Dropbox\CG1314\Computação Gráfica\Projectos\ArkanoidOP\ArkanoidOP\Debug\link.4620.write.1.tlog
C:\Users\João Carraquico\Dropbox\CG1314\Computação Gráfica\Projectos\ArkanoidOP\ArkanoidOP\Debug\link.4708-cvtres.read.1.tlog
C:\Users\João Carraquico\Dropbox\CG1314\Computação Gráfica\Projectos\ArkanoidOP\ArkanoidOP\Debug\link.4708-cvtres.write.1.tlog
C:\Users\João Carraquico\Dropbox\CG1314\Computação Gráfica\Projectos\ArkanoidOP\ArkanoidOP\Debug\link.4708-rc.read.1.tlog
C:\Users\João Carraquico\Dropbox\CG1314\Computação Gráfica\Projectos\ArkanoidOP\ArkanoidOP\Debug\link.4708-rc.write.1.tlog
C:\Users\João Carraquico\Dropbox\CG1314\Computação Gráfica\Projectos\ArkanoidOP\ArkanoidOP\Debug\link.4708.read.1.tlog
C:\Users\João Carraquico\Dropbox\CG1314\Computação Gráfica\Projectos\ArkanoidOP\ArkanoidOP\Debug\link.4708.write.1.tlog
C:\Users\João Carraquico\Dropbox\CG1314\Computação Gráfica\Projectos\ArkanoidOP\ArkanoidOP\Debug\link.4844-cvtres.read.1.tlog
C:\Users\João Carraquico\Dropbox\CG1314\Computação Gráfica\Projectos\ArkanoidOP\ArkanoidOP\Debug\link.4844-cvtres.write.1.tlog
C:\Users\João Carraquico\Dropbox\CG1314\Computação Gráfica\Projectos\ArkanoidOP\ArkanoidOP\Debug\link.4844-rc.read.1.tlog
C:\Users\João Carraquico\Dropbox\CG1314\Computação Gráfica\Projectos\ArkanoidOP\ArkanoidOP\Debug\link.4844-rc.write.1.tlog
C:\Users\João Carraquico\Dropbox\CG1314\Computação Gráfica\Projectos\ArkanoidOP\ArkanoidOP\Debug\link.4844.read.1.tlog
C:\Users\João Carraquico\Dropbox\CG1314\Computação Gráfica\Projectos\ArkanoidOP\ArkanoidOP\Debug\link.4844.write.1.tlog
C:\Users\João Carraquico\Dropbox\CG1314\Computação Gráfica\Projectos\ArkanoidOP\ArkanoidOP\Debug\link.4896-cvtres.read.1.tlog
C:\Users\João Carraquico\Dropbox\CG1314\Computação Gráfica\Projectos\ArkanoidOP\ArkanoidOP\Debug\link.4896-cvtres.write.1.tlog
C:\Users\João Carraquico\Dropbox\CG1314\Computação Gráfica\Projectos\ArkanoidOP\ArkanoidOP\Debug\link.4896-rc.read.1.tlog
C:\Users\João Carraquico\Dropbox\CG1314\Computação Gráfica\Projectos\ArkanoidOP\ArkanoidOP\Debug\link.4896-rc.write.1.tlog
C:\Users\João Carraquico\Dropbox\CG1314\Computação Gráfica\Projectos\ArkanoidOP\ArkanoidOP\Debug\link.4896.read.1.tlog
C:\Users\João Carraquico\Dropbox\CG1314\Computação Gráfica\Projectos\ArkanoidOP\ArkanoidOP\Debug\link.4896.write.1.tlog
C:\Users\João Carraquico\Dropbox\CG1314\Computação Gráfica\Projectos\ArkanoidOP\ArkanoidOP\Debug\link.4940-cvtres.read.1.tlog
C:\Users\João Carraquico\Dropbox\CG1314\Computação Gráfica\Projectos\ArkanoidOP\ArkanoidOP\Debug\link.4940-cvtres.write.1.tlog
C:\Users\João Carraquico\Dropbox\CG1314\Computação Gráfica\Projectos\ArkanoidOP\ArkanoidOP\Debug\link.4940-rc.read.1.tlog
C:\Users\João Carraquico\Dropbox\CG1314\Computação Gráfica\Projectos\ArkanoidOP\ArkanoidOP\Debug\link.4940-rc.write.1.tlog
C:\Users\João Carraquico\Dropbox\CG1314\Computação Gráfica\Projectos\ArkanoidOP\ArkanoidOP\Debug\link.4940.read.1.tlog
C:\Users\João Carraquico\Dropbox\CG1314\Computação Gráfica\Projectos\ArkanoidOP\ArkanoidOP\Debug\link.4940.write.1.tlog
C:\Users\João Carraquico\Dropbox\CG1314\Computação Gráfica\Projectos\ArkanoidOP\ArkanoidOP\Debug\link.5004-cvtres.read.1.tlog
C:\Users\João Carraquico\Dropbox\CG1314\Computação Gráfica\Projectos\ArkanoidOP\ArkanoidOP\Debug\link.5004-cvtres.write.1.tlog
C:\Users\João Carraquico\Dropbox\CG1314\Computação Gráfica\Projectos\ArkanoidOP\ArkanoidOP\Debug\link.5004-rc.read.1.tlog
C:\Users\João Carraquico\Dropbox\CG1314\Computação Gráfica\Projectos\ArkanoidOP\ArkanoidOP\Debug\link.5004-rc.write.1.tlog
C:\Users\João Carraquico\Dropbox\CG1314\Computação Gráfica\Projectos\ArkanoidOP\ArkanoidOP\Debug\link.5004.read.1.tlog
C:\Users\João Carraquico\Dropbox\CG1314\Computação Gráfica\Projectos\ArkanoidOP\ArkanoidOP\Debug\link.5004.write.1.tlog
C:\Users\João Carraquico\Dropbox\CG1314\Computação Gráfica\Projectos\ArkanoidOP\ArkanoidOP\Debug\link.5060-cvtres.read.1.tlog
C:\Users\João Carraquico\Dropbox\CG1314\Computação Gráfica\Projectos\ArkanoidOP\ArkanoidOP\Debug\link.5060-cvtres.write.1.tlog
C:\Users\João Carraquico\Dropbox\CG1314\Computação Gráfica\Projectos\ArkanoidOP\ArkanoidOP\Debug\link.5060-rc.read.1.tlog
C:\Users\João Carraquico\Dropbox\CG1314\Computação Gráfica\Projectos\ArkanoidOP\ArkanoidOP\Debug\link.5060-rc.write.1.tlog
C:\Users\João Carraquico\Dropbox\CG1314\Computação Gráfica\Projectos\ArkanoidOP\ArkanoidOP\Debug\link.5060.read.1.tlog
C:\Users\João Carraquico\Dropbox\CG1314\Computação Gráfica\Projectos\ArkanoidOP\ArkanoidOP\Debug\link.5060.write.1.tlog
C:\Users\João Carraquico\Dropbox\CG1314\Computação Gráfica\Projectos\ArkanoidOP\ArkanoidOP\Debug\link.5092-cvtres.read.1.tlog
C:\Users\João Carraquico\Dropbox\CG1314\Computação Gráfica\Projectos\ArkanoidOP\ArkanoidOP\Debug\link.5092-cvtres.write.1.tlog
C:\Users\João Carraquico\Dropbox\CG1314\Computação Gráfica\Projectos\ArkanoidOP\ArkanoidOP\Debug\link.5092-rc.read.1.tlog
C:\Users\João Carraquico\Dropbox\CG1314\Computação Gráfica\Projectos\ArkanoidOP\ArkanoidOP\Debug\link.5092-rc.write.1.tlog
C:\Users\João Carraquico\Dropbox\CG1314\Computação Gráfica\Projectos\ArkanoidOP\ArkanoidOP\Debug\link.5092.read.1.tlog
C:\Users\João Carraquico\Dropbox\CG1314\Computação Gráfica\Projectos\ArkanoidOP\ArkanoidOP\Debug\link.5092.write.1.tlog
C:\Users\João Carraquico\Dropbox\CG1314\Computação Gráfica\Projectos\ArkanoidOP\ArkanoidOP\Debug\link.5112-cvtres.read.1.tlog
C:\Users\João Carraquico\Dropbox\CG1314\Computação Gráfica\Projectos\ArkanoidOP\ArkanoidOP\Debug\link.5112-cvtres.write.1.tlog
C:\Users\João Carraquico\Dropbox\CG1314\Computação Gráfica\Projectos\ArkanoidOP\ArkanoidOP\Debug\link.5112-rc.read.1.tlog
C:\Users\João Carraquico\Dropbox\CG1314\Computação Gráfica\Projectos\ArkanoidOP\ArkanoidOP\Debug\link.5112-rc.write.1.tlog
C:\Users\João Carraquico\Dropbox\CG1314\Computação Gráfica\Projectos\ArkanoidOP\ArkanoidOP\Debug\link.5112.read.1.tlog
C:\Users\João Carraquico\Dropbox\CG1314\Computação Gráfica\Projectos\ArkanoidOP\ArkanoidOP\Debug\link.5112.write.1.tlog
C:\Users\João Carraquico\Dropbox\CG1314\Computação Gráfica\Projectos\ArkanoidOP\ArkanoidOP\Debug\link.5140-cvtres.read.1.tlog
C:\Users\João Carraquico\Dropbox\CG1314\Computação Gráfica\Projectos\ArkanoidOP\ArkanoidOP\Debug\link.5140-cvtres.write.1.tlog
C:\Users\João Carraquico\Dropbox\CG1314\Computação Gráfica\Projectos\ArkanoidOP\ArkanoidOP\Debug\link.5140-rc.read.1.tlog
C:\Users\João Carraquico\Dropbox\CG1314\Computação Gráfica\Projectos\ArkanoidOP\ArkanoidOP\Debug\link.5140-rc.write.1.tlog
C:\Users\João Carraquico\Dropbox\CG1314\Computação Gráfica\Projectos\ArkanoidOP\ArkanoidOP\Debug\link.5140.read.1.tlog
C:\Users\João Carraquico\Dropbox\CG1314\Computação Gráfica\Projectos\ArkanoidOP\ArkanoidOP\Debug\link.5140.write.1.tlog
C:\Users\João Carraquico\Dropbox\CG1314\Computação Gráfica\Projectos\ArkanoidOP\ArkanoidOP\Debug\link.5148-cvtres.read.1.tlog
C:\Users\João Carraquico\Dropbox\CG1314\Computação Gráfica\Projectos\ArkanoidOP\ArkanoidOP\Debug\link.5148-cvtres.write.1.tlog
C:\Users\João Carraquico\Dropbox\CG1314\Computação Gráfica\Projectos\ArkanoidOP\ArkanoidOP\Debug\link.5148-rc.read.1.tlog
C:\Users\João Carraquico\Dropbox\CG1314\Computação Gráfica\Projectos\ArkanoidOP\ArkanoidOP\Debug\link.5148-rc.write.1.tlog
C:\Users\João Carraquico\Dropbox\CG1314\Computação Gráfica\Projectos\ArkanoidOP\ArkanoidOP\Debug\link.5148.read.1.tlog
C:\Users\João Carraquico\Dropbox\CG1314\Computação Gráfica\Projectos\ArkanoidOP\ArkanoidOP\Debug\link.5148.write.1.tlog
C:\Users\João Carraquico\Dropbox\CG1314\Computação Gráfica\Projectos\ArkanoidOP\ArkanoidOP\Debug\link.5164-cvtres.read.1.tlog
C:\Users\João Carraquico\Dropbox\CG1314\Computação Gráfica\Projectos\ArkanoidOP\ArkanoidOP\Debug\link.5164-cvtres.write.1.tlog
C:\Users\João Carraquico\Dropbox\CG1314\Computação Gráfica\Projectos\ArkanoidOP\ArkanoidOP\Debug\link.5164-rc.read.1.tlog
C:\Users\João Carraquico\Dropbox\CG1314\Computação Gráfica\Projectos\ArkanoidOP\ArkanoidOP\Debug\link.5164-rc.write.1.tlog
C:\Users\João Carraquico\Dropbox\CG1314\Computação Gráfica\Projectos\ArkanoidOP\ArkanoidOP\Debug\link.5164.read.1.tlog
C:\Users\João Carraquico\Dropbox\CG1314\Computação Gráfica\Projectos\ArkanoidOP\ArkanoidOP\Debug\link.5164.write.1.tlog
C:\Users\João Carraquico\Dropbox\CG1314\Computação Gráfica\Projectos\ArkanoidOP\ArkanoidOP\Debug\link.5168-cvtres.read.1.tlog
C:\Users\João Carraquico\Dropbox\CG1314\Computação Gráfica\Projectos\ArkanoidOP\ArkanoidOP\Debug\link.5168-cvtres.write.1.tlog
C:\Users\João Carraquico\Dropbox\CG1314\Computação Gráfica\Projectos\ArkanoidOP\ArkanoidOP\Debug\link.5168-rc.read.1.tlog
C:\Users\João Carraquico\Dropbox\CG1314\Computação Gráfica\Projectos\ArkanoidOP\ArkanoidOP\Debug\link.5168-rc.write.1.tlog
C:\Users\João Carraquico\Dropbox\CG1314\Computação Gráfica\Projectos\ArkanoidOP\ArkanoidOP\Debug\link.5168.read.1.tlog
C:\Users\João Carraquico\Dropbox\CG1314\Computação Gráfica\Projectos\ArkanoidOP\ArkanoidOP\Debug\link.5168.write.1.tlog
C:\Users\João Carraquico\Dropbox\CG1314\Computação Gráfica\Projectos\ArkanoidOP\ArkanoidOP\Debug\link.5392-cvtres.read.1.tlog
C:\Users\João Carraquico\Dropbox\CG1314\Computação Gráfica\Projectos\ArkanoidOP\ArkanoidOP\Debug\link.5392-cvtres.write.1.tlog
C:\Users\João Carraquico\Dropbox\CG1314\Computação Gráfica\Projectos\ArkanoidOP\ArkanoidOP\Debug\link.5392-rc.read.1.tlog
C:\Users\João Carraquico\Dropbox\CG1314\Computação Gráfica\Projectos\ArkanoidOP\ArkanoidOP\Debug\link.5392-rc.write.1.tlog
C:\Users\João Carraquico\Dropbox\CG1314\Computação Gráfica\Projectos\ArkanoidOP\ArkanoidOP\Debug\link.5392.read.1.tlog
C:\Users\João Carraquico\Dropbox\CG1314\Computação Gráfica\Projectos\ArkanoidOP\ArkanoidOP\Debug\link.5392.write.1.tlog
C:\Users\João Carraquico\Dropbox\CG1314\Computação Gráfica\Projectos\ArkanoidOP\ArkanoidOP\Debug\link.5412-cvtres.read.1.tlog
C:\Users\João Carraquico\Dropbox\CG1314\Computação Gráfica\Projectos\ArkanoidOP\ArkanoidOP\Debug\link.5412-cvtres.write.1.tlog
C:\Users\João Carraquico\Dropbox\CG1314\Computação Gráfica\Projectos\ArkanoidOP\ArkanoidOP\Debug\link.5412-rc.read.1.tlog
C:\Users\João Carraquico\Dropbox\CG1314\Computação Gráfica\Projectos\ArkanoidOP\ArkanoidOP\Debug\link.5412-rc.write.1.tlog
C:\Users\João Carraquico\Dropbox\CG1314\Computação Gráfica\Projectos\ArkanoidOP\ArkanoidOP\Debug\link.5412.read.1.tlog
C:\Users\João Carraquico\Dropbox\CG1314\Computação Gráfica\Projectos\ArkanoidOP\ArkanoidOP\Debug\link.5412.write.1.tlog
C:\Users\João Carraquico\Dropbox\CG1314\Computação Gráfica\Projectos\ArkanoidOP\ArkanoidOP\Debug\link.5636-cvtres.read.1.tlog
C:\Users\João Carraquico\Dropbox\CG1314\Computação Gráfica\Projectos\ArkanoidOP\ArkanoidOP\Debug\link.5636-cvtres.write.1.tlog
C:\Users\João Carraquico\Dropbox\CG1314\Computação Gráfica\Projectos\ArkanoidOP\ArkanoidOP\Debug\link.5636-rc.read.1.tlog
C:\Users\João Carraquico\Dropbox\CG1314\Computação Gráfica\Projectos\ArkanoidOP\ArkanoidOP\Debug\link.5636-rc.write.1.tlog
C:\Users\João Carraquico\Dropbox\CG1314\Computação Gráfica\Projectos\ArkanoidOP\ArkanoidOP\Debug\link.5636.read.1.tlog
C:\Users\João Carraquico\Dropbox\CG1314\Computação Gráfica\Projectos\ArkanoidOP\ArkanoidOP\Debug\link.5636.write.1.tlog
C:\Users\João Carraquico\Dropbox\CG1314\Computação Gráfica\Projectos\ArkanoidOP\ArkanoidOP\Debug\link.5704-cvtres.read.1.tlog
C:\Users\João Carraquico\Dropbox\CG1314\Computação Gráfica\Projectos\ArkanoidOP\ArkanoidOP\Debug\link.5704-cvtres.write.1.tlog
C:\Users\João Carraquico\Dropbox\CG1314\Computação Gráfica\Projectos\ArkanoidOP\ArkanoidOP\Debug\link.5704-rc.read.1.tlog
C:\Users\João Carraquico\Dropbox\CG1314\Computação Gráfica\Projectos\ArkanoidOP\ArkanoidOP\Debug\link.5704-rc.write.1.tlog
C:\Users\João Carraquico\Dropbox\CG1314\Computação Gráfica\Projectos\ArkanoidOP\ArkanoidOP\Debug\link.5704.read.1.tlog
C:\Users\João Carraquico\Dropbox\CG1314\Computação Gráfica\Projectos\ArkanoidOP\ArkanoidOP\Debug\link.5704.write.1.tlog
C:\Users\João Carraquico\Dropbox\CG1314\Computação Gráfica\Projectos\ArkanoidOP\ArkanoidOP\Debug\link.5780-cvtres.read.1.tlog
C:\Users\João Carraquico\Dropbox\CG1314\Computação Gráfica\Projectos\ArkanoidOP\ArkanoidOP\Debug\link.5780-cvtres.write.1.tlog
C:\Users\João Carraquico\Dropbox\CG1314\Computação Gráfica\Projectos\ArkanoidOP\ArkanoidOP\Debug\link.5780-rc.read.1.tlog
C:\Users\João Carraquico\Dropbox\CG1314\Computação Gráfica\Projectos\ArkanoidOP\ArkanoidOP\Debug\link.5780-rc.write.1.tlog
C:\Users\João Carraquico\Dropbox\CG1314\Computação Gráfica\Projectos\ArkanoidOP\ArkanoidOP\Debug\link.5780.read.1.tlog
C:\Users\João Carraquico\Dropbox\CG1314\Computação Gráfica\Projectos\ArkanoidOP\ArkanoidOP\Debug\link.5780.write.1.tlog
C:\Users\João Carraquico\Dropbox\CG1314\Computação Gráfica\Projectos\ArkanoidOP\ArkanoidOP\Debug\link.5788-cvtres.read.1.tlog
C:\Users\João Carraquico\Dropbox\CG1314\Computação Gráfica\Projectos\ArkanoidOP\ArkanoidOP\Debug\link.5788-cvtres.write.1.tlog
C:\Users\João Carraquico\Dropbox\CG1314\Computação Gráfica\Projectos\ArkanoidOP\ArkanoidOP\Debug\link.5788-rc.read.1.tlog
C:\Users\João Carraquico\Dropbox\CG1314\Computação Gráfica\Projectos\ArkanoidOP\ArkanoidOP\Debug\link.5788-rc.write.1.tlog
C:\Users\João Carraquico\Dropbox\CG1314\Computação Gráfica\Projectos\ArkanoidOP\ArkanoidOP\Debug\link.5788.read.1.tlog
C:\Users\João Carraquico\Dropbox\CG1314\Computação Gráfica\Projectos\ArkanoidOP\ArkanoidOP\Debug\link.5788.write.1.tlog
C:\Users\João Carraquico\Dropbox\CG1314\Computação Gráfica\Projectos\ArkanoidOP\ArkanoidOP\Debug\link.5816-cvtres.read.1.tlog
C:\Users\João Carraquico\Dropbox\CG1314\Computação Gráfica\Projectos\ArkanoidOP\ArkanoidOP\Debug\link.5816-cvtres.write.1.tlog
C:\Users\João Carraquico\Dropbox\CG1314\Computação Gráfica\Projectos\ArkanoidOP\ArkanoidOP\Debug\link.5816-rc.read.1.tlog
C:\Users\João Carraquico\Dropbox\CG1314\Computação Gráfica\Projectos\ArkanoidOP\ArkanoidOP\Debug\link.5816-rc.write.1.tlog
C:\Users\João Carraquico\Dropbox\CG1314\Computação Gráfica\Projectos\ArkanoidOP\ArkanoidOP\Debug\link.5816.read.1.tlog
C:\Users\João Carraquico\Dropbox\CG1314\Computação Gráfica\Projectos\ArkanoidOP\ArkanoidOP\Debug\link.5816.write.1.tlog
C:\Users\João Carraquico\Dropbox\CG1314\Computação Gráfica\Projectos\ArkanoidOP\ArkanoidOP\Debug\link.5828-cvtres.read.1.tlog
C:\Users\João Carraquico\Dropbox\CG1314\Computação Gráfica\Projectos\ArkanoidOP\ArkanoidOP\Debug\link.5828-cvtres.write.1.tlog
C:\Users\João Carraquico\Dropbox\CG1314\Computação Gráfica\Projectos\ArkanoidOP\ArkanoidOP\Debug\link.5828-rc.read.1.tlog
C:\Users\João Carraquico\Dropbox\CG1314\Computação Gráfica\Projectos\ArkanoidOP\ArkanoidOP\Debug\link.5828-rc.write.1.tlog
C:\Users\João Carraquico\Dropbox\CG1314\Computação Gráfica\Projectos\ArkanoidOP\ArkanoidOP\Debug\link.5828.read.1.tlog
C:\Users\João Carraquico\Dropbox\CG1314\Computação Gráfica\Projectos\ArkanoidOP\ArkanoidOP\Debug\link.5828.write.1.tlog
C:\Users\João Carraquico\Dropbox\CG1314\Computação Gráfica\Projectos\ArkanoidOP\ArkanoidOP\Debug\link.5924-cvtres.read.1.tlog
C:\Users\João Carraquico\Dropbox\CG1314\Computação Gráfica\Projectos\ArkanoidOP\ArkanoidOP\Debug\link.5924-cvtres.write.1.tlog
C:\Users\João Carraquico\Dropbox\CG1314\Computação Gráfica\Projectos\ArkanoidOP\ArkanoidOP\Debug\link.5924-rc.read.1.tlog
C:\Users\João Carraquico\Dropbox\CG1314\Computação Gráfica\Projectos\ArkanoidOP\ArkanoidOP\Debug\link.5924-rc.write.1.tlog
C:\Users\João Carraquico\Dropbox\CG1314\Computação Gráfica\Projectos\ArkanoidOP\ArkanoidOP\Debug\link.5924.read.1.tlog
C:\Users\João Carraquico\Dropbox\CG1314\Computação Gráfica\Projectos\ArkanoidOP\ArkanoidOP\Debug\link.5924.write.1.tlog
C:\Users\João Carraquico\Dropbox\CG1314\Computação Gráfica\Projectos\ArkanoidOP\ArkanoidOP\Debug\link.5996-cvtres.read.1.tlog
C:\Users\João Carraquico\Dropbox\CG1314\Computação Gráfica\Projectos\ArkanoidOP\ArkanoidOP\Debug\link.5996-cvtres.write.1.tlog
C:\Users\João Carraquico\Dropbox\CG1314\Computação Gráfica\Projectos\ArkanoidOP\ArkanoidOP\Debug\link.5996-rc.read.1.tlog
C:\Users\João Carraquico\Dropbox\CG1314\Computação Gráfica\Projectos\ArkanoidOP\ArkanoidOP\Debug\link.5996-rc.write.1.tlog
C:\Users\João Carraquico\Dropbox\CG1314\Computação Gráfica\Projectos\ArkanoidOP\ArkanoidOP\Debug\link.5996.read.1.tlog
C:\Users\João Carraquico\Dropbox\CG1314\Computação Gráfica\Projectos\ArkanoidOP\ArkanoidOP\Debug\link.5996.write.1.tlog
C:\Users\João Carraquico\Dropbox\CG1314\Computação Gráfica\Projectos\ArkanoidOP\ArkanoidOP\Debug\link.6044-cvtres.read.1.tlog
C:\Users\João Carraquico\Dropbox\CG1314\Computação Gráfica\Projectos\ArkanoidOP\ArkanoidOP\Debug\link.6044-cvtres.write.1.tlog
C:\Users\João Carraquico\Dropbox\CG1314\Computação Gráfica\Projectos\ArkanoidOP\ArkanoidOP\Debug\link.6044-rc.read.1.tlog
C:\Users\João Carraquico\Dropbox\CG1314\Computação Gráfica\Projectos\ArkanoidOP\ArkanoidOP\Debug\link.6044-rc.write.1.tlog
C:\Users\João Carraquico\Dropbox\CG1314\Computação Gráfica\Projectos\ArkanoidOP\ArkanoidOP\Debug\link.6044.read.1.tlog
C:\Users\João Carraquico\Dropbox\CG1314\Computação Gráfica\Projectos\ArkanoidOP\ArkanoidOP\Debug\link.6044.write.1.tlog
C:\Users\João Carraquico\Dropbox\CG1314\Computação Gráfica\Projectos\ArkanoidOP\ArkanoidOP\Debug\link.6128-cvtres.read.1.tlog
C:\Users\João Carraquico\Dropbox\CG1314\Computação Gráfica\Projectos\ArkanoidOP\ArkanoidOP\Debug\link.6128-cvtres.write.1.tlog
C:\Users\João Carraquico\Dropbox\CG1314\Computação Gráfica\Projectos\ArkanoidOP\ArkanoidOP\Debug\link.6128-rc.read.1.tlog
C:\Users\João Carraquico\Dropbox\CG1314\Computação Gráfica\Projectos\ArkanoidOP\ArkanoidOP\Debug\link.6128-rc.write.1.tlog
C:\Users\João Carraquico\Dropbox\CG1314\Computação Gráfica\Projectos\ArkanoidOP\ArkanoidOP\Debug\link.6128.read.1.tlog
C:\Users\João Carraquico\Dropbox\CG1314\Computação Gráfica\Projectos\ArkanoidOP\ArkanoidOP\Debug\link.6128.write.1.tlog
C:\Users\João Carraquico\Dropbox\CG1314\Computação Gráfica\Projectos\ArkanoidOP\ArkanoidOP\Debug\link.6496-cvtres.read.1.tlog
C:\Users\João Carraquico\Dropbox\CG1314\Computação Gráfica\Projectos\ArkanoidOP\ArkanoidOP\Debug\link.6496-cvtres.write.1.tlog
C:\Users\João Carraquico\Dropbox\CG1314\Computação Gráfica\Projectos\ArkanoidOP\ArkanoidOP\Debug\link.6496-rc.read.1.tlog
C:\Users\João Carraquico\Dropbox\CG1314\Computação Gráfica\Projectos\ArkanoidOP\ArkanoidOP\Debug\link.6496-rc.write.1.tlog
C:\Users\João Carraquico\Dropbox\CG1314\Computação Gráfica\Projectos\ArkanoidOP\ArkanoidOP\Debug\link.6496.read.1.tlog
C:\Users\João Carraquico\Dropbox\CG1314\Computação Gráfica\Projectos\ArkanoidOP\ArkanoidOP\Debug\link.6496.write.1.tlog
C:\Users\João Carraquico\Dropbox\CG1314\Computação Gráfica\Projectos\ArkanoidOP\ArkanoidOP\Debug\link.6500-cvtres.read.1.tlog
C:\Users\João Carraquico\Dropbox\CG1314\Computação Gráfica\Projectos\ArkanoidOP\ArkanoidOP\Debug\link.6500-cvtres.write.1.tlog
C:\Users\João Carraquico\Dropbox\CG1314\Computação Gráfica\Projectos\ArkanoidOP\ArkanoidOP\Debug\link.6500-rc.read.1.tlog
C:\Users\João Carraquico\Dropbox\CG1314\Computação Gráfica\Projectos\ArkanoidOP\ArkanoidOP\Debug\link.6500-rc.write.1.tlog
C:\Users\João Carraquico\Dropbox\CG1314\Computação Gráfica\Projectos\ArkanoidOP\ArkanoidOP\Debug\link.6500.read.1.tlog
C:\Users\João Carraquico\Dropbox\CG1314\Computação Gráfica\Projectos\ArkanoidOP\ArkanoidOP\Debug\link.6500.write.1.tlog
C:\Users\João Carraquico\Dropbox\CG1314\Computação Gráfica\Projectos\ArkanoidOP\ArkanoidOP\Debug\link.6540-cvtres.read.1.tlog
C:\Users\João Carraquico\Dropbox\CG1314\Computação Gráfica\Projectos\ArkanoidOP\ArkanoidOP\Debug\link.6540-cvtres.write.1.tlog
C:\Users\João Carraquico\Dropbox\CG1314\Computação Gráfica\Projectos\ArkanoidOP\ArkanoidOP\Debug\link.6540-rc.read.1.tlog
C:\Users\João Carraquico\Dropbox\CG1314\Computação Gráfica\Projectos\ArkanoidOP\ArkanoidOP\Debug\link.6540-rc.write.1.tlog
C:\Users\João Carraquico\Dropbox\CG1314\Computação Gráfica\Projectos\ArkanoidOP\ArkanoidOP\Debug\link.6540.read.1.tlog
C:\Users\João Carraquico\Dropbox\CG1314\Computação Gráfica\Projectos\ArkanoidOP\ArkanoidOP\Debug\link.6540.write.1.tlog
C:\Users\João Carraquico\Dropbox\CG1314\Computação Gráfica\Projectos\ArkanoidOP\ArkanoidOP\Debug\link.6780-cvtres.read.1.tlog
C:\Users\João Carraquico\Dropbox\CG1314\Computação Gráfica\Projectos\ArkanoidOP\ArkanoidOP\Debug\link.6780-cvtres.write.1.tlog
C:\Users\João Carraquico\Dropbox\CG1314\Computação Gráfica\Projectos\ArkanoidOP\ArkanoidOP\Debug\link.6780-rc.read.1.tlog
C:\Users\João Carraquico\Dropbox\CG1314\Computação Gráfica\Projectos\ArkanoidOP\ArkanoidOP\Debug\link.6780-rc.write.1.tlog
C:\Users\João Carraquico\Dropbox\CG1314\Computação Gráfica\Projectos\ArkanoidOP\ArkanoidOP\Debug\link.6780.read.1.tlog
C:\Users\João Carraquico\Dropbox\CG1314\Computação Gráfica\Projectos\ArkanoidOP\ArkanoidOP\Debug\link.6780.write.1.tlog
C:\Users\João Carraquico\Dropbox\CG1314\Computação Gráfica\Projectos\ArkanoidOP\ArkanoidOP\Debug\link.7088-cvtres.read.1.tlog
C:\Users\João Carraquico\Dropbox\CG1314\Computação Gráfica\Projectos\ArkanoidOP\ArkanoidOP\Debug\link.7088-cvtres.write.1.tlog
C:\Users\João Carraquico\Dropbox\CG1314\Computação Gráfica\Projectos\ArkanoidOP\ArkanoidOP\Debug\link.7088-rc.read.1.tlog
C:\Users\João Carraquico\Dropbox\CG1314\Computação Gráfica\Projectos\ArkanoidOP\ArkanoidOP\Debug\link.7088-rc.write.1.tlog
C:\Users\João Carraquico\Dropbox\CG1314\Computação Gráfica\Projectos\ArkanoidOP\ArkanoidOP\Debug\link.7088.read.1.tlog
C:\Users\João Carraquico\Dropbox\CG1314\Computação Gráfica\Projectos\ArkanoidOP\ArkanoidOP\Debug\link.7088.write.1.tlog
C:\Users\João Carraquico\Dropbox\CG1314\Computação Gráfica\Projectos\ArkanoidOP\ArkanoidOP\Debug\link.7140-cvtres.read.1.tlog
C:\Users\João Carraquico\Dropbox\CG1314\Computação Gráfica\Projectos\ArkanoidOP\ArkanoidOP\Debug\link.7140-cvtres.write.1.tlog
C:\Users\João Carraquico\Dropbox\CG1314\Computação Gráfica\Projectos\ArkanoidOP\ArkanoidOP\Debug\link.7140-rc.read.1.tlog
C:\Users\João Carraquico\Dropbox\CG1314\Computação Gráfica\Projectos\ArkanoidOP\ArkanoidOP\Debug\link.7140-rc.write.1.tlog
C:\Users\João Carraquico\Dropbox\CG1314\Computação Gráfica\Projectos\ArkanoidOP\ArkanoidOP\Debug\link.7140.read.1.tlog
C:\Users\João Carraquico\Dropbox\CG1314\Computação Gráfica\Projectos\ArkanoidOP\ArkanoidOP\Debug\link.7140.write.1.tlog
C:\Users\João Carraquico\Dropbox\CG1314\Computação Gráfica\Projectos\ArkanoidOP\ArkanoidOP\Debug\link.768-cvtres.read.1.tlog
C:\Users\João Carraquico\Dropbox\CG1314\Computação Gráfica\Projectos\ArkanoidOP\ArkanoidOP\Debug\link.768-cvtres.write.1.tlog
C:\Users\João Carraquico\Dropbox\CG1314\Computação Gráfica\Projectos\ArkanoidOP\ArkanoidOP\Debug\link.768-rc.read.1.tlog
C:\Users\João Carraquico\Dropbox\CG1314\Computação Gráfica\Projectos\ArkanoidOP\ArkanoidOP\Debug\link.768-rc.write.1.tlog
C:\Users\João Carraquico\Dropbox\CG1314\Computação Gráfica\Projectos\ArkanoidOP\ArkanoidOP\Debug\link.768.read.1.tlog
C:\Users\João Carraquico\Dropbox\CG1314\Computação Gráfica\Projectos\ArkanoidOP\ArkanoidOP\Debug\link.768.write.1.tlog
C:\Users\João Carraquico\Dropbox\CG1314\Computação Gráfica\Projectos\ArkanoidOP\ArkanoidOP\Debug\link.7700-cvtres.read.1.tlog
C:\Users\João Carraquico\Dropbox\CG1314\Computação Gráfica\Projectos\ArkanoidOP\ArkanoidOP\Debug\link.7700-cvtres.write.1.tlog
C:\Users\João Carraquico\Dropbox\CG1314\Computação Gráfica\Projectos\ArkanoidOP\ArkanoidOP\Debug\link.7700-rc.read.1.tlog
C:\Users\João Carraquico\Dropbox\CG1314\Computação Gráfica\Projectos\ArkanoidOP\ArkanoidOP\Debug\link.7700-rc.write.1.tlog
C:\Users\João Carraquico\Dropbox\CG1314\Computação Gráfica\Projectos\ArkanoidOP\ArkanoidOP\Debug\link.7700.read.1.tlog
C:\Users\João Carraquico\Dropbox\CG1314\Computação Gráfica\Projectos\ArkanoidOP\ArkanoidOP\Debug\link.7700.write.1.tlog
C:\Users\João Carraquico\Dropbox\CG1314\Computação Gráfica\Projectos\ArkanoidOP\ArkanoidOP\Debug\link.7800-cvtres.read.1.tlog
C:\Users\João Carraquico\Dropbox\CG1314\Computação Gráfica\Projectos\ArkanoidOP\ArkanoidOP\Debug\link.7800-cvtres.write.1.tlog
C:\Users\João Carraquico\Dropbox\CG1314\Computação Gráfica\Projectos\ArkanoidOP\ArkanoidOP\Debug\link.7800-rc.read.1.tlog
C:\Users\João Carraquico\Dropbox\CG1314\Computação Gráfica\Projectos\ArkanoidOP\ArkanoidOP\Debug\link.7800-rc.write.1.tlog
C:\Users\João Carraquico\Dropbox\CG1314\Computação Gráfica\Projectos\ArkanoidOP\ArkanoidOP\Debug\link.7800.read.1.tlog
C:\Users\João Carraquico\Dropbox\CG1314\Computação Gráfica\Projectos\ArkanoidOP\ArkanoidOP\Debug\link.7800.write.1.tlog
C:\Users\João Carraquico\Dropbox\CG1314\Computação Gráfica\Projectos\ArkanoidOP\ArkanoidOP\Debug\link.7860-cvtres.read.1.tlog
C:\Users\João Carraquico\Dropbox\CG1314\Computação Gráfica\Projectos\ArkanoidOP\ArkanoidOP\Debug\link.7860-cvtres.write.1.tlog
C:\Users\João Carraquico\Dropbox\CG1314\Computação Gráfica\Projectos\ArkanoidOP\ArkanoidOP\Debug\link.7860-rc.read.1.tlog
C:\Users\João Carraquico\Dropbox\CG1314\Computação Gráfica\Projectos\ArkanoidOP\ArkanoidOP\Debug\link.7860-rc.write.1.tlog
C:\Users\João Carraquico\Dropbox\CG1314\Computação Gráfica\Projectos\ArkanoidOP\ArkanoidOP\Debug\link.7860.read.1.tlog
C:\Users\João Carraquico\Dropbox\CG1314\Computação Gráfica\Projectos\ArkanoidOP\ArkanoidOP\Debug\link.7860.write.1.tlog
C:\Users\João Carraquico\Dropbox\CG1314\Computação Gráfica\Projectos\ArkanoidOP\ArkanoidOP\Debug\link.7900-cvtres.read.1.tlog
C:\Users\João Carraquico\Dropbox\CG1314\Computação Gráfica\Projectos\ArkanoidOP\ArkanoidOP\Debug\link.7900-cvtres.write.1.tlog
C:\Users\João Carraquico\Dropbox\CG1314\Computação Gráfica\Projectos\ArkanoidOP\ArkanoidOP\Debug\link.7900-rc.read.1.tlog
C:\Users\João Carraquico\Dropbox\CG1314\Computação Gráfica\Projectos\ArkanoidOP\ArkanoidOP\Debug\link.7900-rc.write.1.tlog
C:\Users\João Carraquico\Dropbox\CG1314\Computação Gráfica\Projectos\ArkanoidOP\ArkanoidOP\Debug\link.7900.read.1.tlog
C:\Users\João Carraquico\Dropbox\CG1314\Computação Gráfica\Projectos\ArkanoidOP\ArkanoidOP\Debug\link.7900.write.1.tlog
C:\Users\João Carraquico\Dropbox\CG1314\Computação Gráfica\Projectos\ArkanoidOP\ArkanoidOP\Debug\link.8044-cvtres.read.1.tlog
C:\Users\João Carraquico\Dropbox\CG1314\Computação Gráfica\Projectos\ArkanoidOP\ArkanoidOP\Debug\link.8044-cvtres.write.1.tlog
C:\Users\João Carraquico\Dropbox\CG1314\Computação Gráfica\Projectos\ArkanoidOP\ArkanoidOP\Debug\link.8044-rc.read.1.tlog
C:\Users\João Carraquico\Dropbox\CG1314\Computação Gráfica\Projectos\ArkanoidOP\ArkanoidOP\Debug\link.8044-rc.write.1.tlog
C:\Users\João Carraquico\Dropbox\CG1314\Computação Gráfica\Projectos\ArkanoidOP\ArkanoidOP\Debug\link.8044.read.1.tlog
C:\Users\João Carraquico\Dropbox\CG1314\Computação Gráfica\Projectos\ArkanoidOP\ArkanoidOP\Debug\link.8044.write.1.tlog
C:\Users\João Carraquico\Dropbox\CG1314\Computação Gráfica\Projectos\ArkanoidOP\ArkanoidOP\Debug\link.836-cvtres.read.1.tlog
C:\Users\João Carraquico\Dropbox\CG1314\Computação Gráfica\Projectos\ArkanoidOP\ArkanoidOP\Debug\link.836-cvtres.write.1.tlog
C:\Users\João Carraquico\Dropbox\CG1314\Computação Gráfica\Projectos\ArkanoidOP\ArkanoidOP\Debug\link.836-rc.read.1.tlog
C:\Users\João Carraquico\Dropbox\CG1314\Computação Gráfica\Projectos\ArkanoidOP\ArkanoidOP\Debug\link.836-rc.write.1.tlog
C:\Users\João Carraquico\Dropbox\CG1314\Computação Gráfica\Projectos\ArkanoidOP\ArkanoidOP\Debug\link.836.read.1.tlog
C:\Users\João Carraquico\Dropbox\CG1314\Computação Gráfica\Projectos\ArkanoidOP\ArkanoidOP\Debug\link.836.write.1.tlog
C:\Users\João Carraquico\Dropbox\CG1314\Computação Gráfica\Projectos\ArkanoidOP\ArkanoidOP\Debug\link.856-cvtres.read.1.tlog
C:\Users\João Carraquico\Dropbox\CG1314\Computação Gráfica\Projectos\ArkanoidOP\ArkanoidOP\Debug\link.856-cvtres.write.1.tlog
C:\Users\João Carraquico\Dropbox\CG1314\Computação Gráfica\Projectos\ArkanoidOP\ArkanoidOP\Debug\link.856-rc.read.1.tlog
C:\Users\João Carraquico\Dropbox\CG1314\Computação Gráfica\Projectos\ArkanoidOP\ArkanoidOP\Debug\link.856-rc.write.1.tlog
C:\Users\João Carraquico\Dropbox\CG1314\Computação Gráfica\Projectos\ArkanoidOP\ArkanoidOP\Debug\link.856.read.1.tlog
C:\Users\João Carraquico\Dropbox\CG1314\Computação Gráfica\Projectos\ArkanoidOP\ArkanoidOP\Debug\link.856.write.1.tlog
C:\Users\João Carraquico\Dropbox\CG1314\Computação Gráfica\Projectos\ArkanoidOP\ArkanoidOP\Debug\link.904-cvtres.read.1.tlog
C:\Users\João Carraquico\Dropbox\CG1314\Computação Gráfica\Projectos\ArkanoidOP\ArkanoidOP\Debug\link.904-cvtres.write.1.tlog
C:\Users\João Carraquico\Dropbox\CG1314\Computação Gráfica\Projectos\ArkanoidOP\ArkanoidOP\Debug\link.904-rc.read.1.tlog
C:\Users\João Carraquico\Dropbox\CG1314\Computação Gráfica\Projectos\ArkanoidOP\ArkanoidOP\Debug\link.904-rc.write.1.tlog
C:\Users\João Carraquico\Dropbox\CG1314\Computação Gráfica\Projectos\ArkanoidOP\ArkanoidOP\Debug\link.904.read.1.tlog
C:\Users\João Carraquico\Dropbox\CG1314\Computação Gráfica\Projectos\ArkanoidOP\ArkanoidOP\Debug\link.904.write.1.tlog
C:\Users\João Carraquico\Dropbox\CG1314\Computação Gráfica\Projectos\ArkanoidOP\ArkanoidOP\Debug\link.command.1 (João Carraquico's conflicted copy 2013-10-01).tlog
C:\Users\João Carraquico\Dropbox\CG1314\Computação Gráfica\Projectos\ArkanoidOP\ArkanoidOP\Debug\link.command.1.tlog
C:\Users\João Carraquico\Dropbox\CG1314\Computação Gráfica\Projectos\ArkanoidOP\ArkanoidOP\Debug\link.read.1 (João Carraquico's conflicted copy 2013-10-01).tlog
C:\Users\João Carraquico\Dropbox\CG1314\Computação Gráfica\Projectos\ArkanoidOP\ArkanoidOP\Debug\link.read.1.tlog
C:\Users\João Carraquico\Dropbox\CG1314\Computação Gráfica\Projectos\ArkanoidOP\ArkanoidOP\Debug\link.write.1.tlog
C:\Users\João Carraquico\Dropbox\CG1314\Computação Gráfica\Projectos\ArkanoidOP\ArkanoidOP\Debug\vc110 (Cópia em conflito de João Carraquico 2013-11-12).idb
C:\Users\João Carraquico\Dropbox\CG1314\Computação Gráfica\Projectos\ArkanoidOP\ArkanoidOP\Debug\vc110 (Cópia em conflito de Ricardo Coelho da Silva 2013-10-25).idb
C:\Users\João Carraquico\Dropbox\CG1314\Computação Gráfica\Projectos\ArkanoidOP\ArkanoidOP\Debug\vc110 (Cópia em conflito de Ricardo Coelho da Silva 2013-11-12).idb
C:\Users\João Carraquico\Dropbox\CG1314\Computação Gráfica\Projectos\ArkanoidOP\ArkanoidOP\Debug\vc110 (Cópia em conflito de Ricardo Coelho da Silva 2013-11-21).idb
C:\Users\João Carraquico\Dropbox\CG1314\Computação Gráfica\Projectos\ArkanoidOP\ArkanoidOP\Debug\vc110 (João Carraquico's conflicted copy 2013-10-01).idb
C:\Users\João Carraquico\Dropbox\CG1314\Computação Gráfica\Projectos\ArkanoidOP\ArkanoidOP\Debug\vc110.idb
C:\Users\João Carraquico\Dropbox\CG1314\Computação Gráfica\Projectos\ArkanoidOP\ArkanoidOP\Debug\vc110 (Cópia em conflito de Pedro Martins 2013-11-12).pdb
C:\Users\João Carraquico\Dropbox\CG1314\Computação Gráfica\Projectos\ArkanoidOP\ArkanoidOP\Debug\vc110 (Cópia em conflito de Ricardo Coelho da Silva 2013-10-25).pdb
C:\Users\João Carraquico\Dropbox\CG1314\Computação Gráfica\Projectos\ArkanoidOP\ArkanoidOP\Debug\vc110 (Cópia em conflito de Ricardo Coelho da Silva 2013-11-21).pdb
C:\Users\João Carraquico\Dropbox\CG1314\Computação Gráfica\Projectos\ArkanoidOP\ArkanoidOP\Debug\vc110 (João Carraquico's conflicted copy 2013-10-01).pdb
C:\Users\João Carraquico\Dropbox\CG1314\Computação Gráfica\Projectos\ArkanoidOP\ArkanoidOP\Debug\vc110.pdb
C:\Users\João Carraquico\Dropbox\CG1314\Computação Gráfica\Projectos\ArkanoidOP\Debug\ArkanoidOP.pdb
C:\Users\João Carraquico\Dropbox\CG1314\Computação Gráfica\Projectos\ArkanoidOP\Debug\ArkanoidOP.exe
C:\Users\João Carraquico\Dropbox\CG1314\Computação Gráfica\Projectos\ArkanoidOP\Debug\ArkanoidOP.ilk
