Build started 21/11/2013 22:31:01.
     1>Project "C:\Users\Ricardo\Dropbox\CG1314\Computação Gráfica\Projectos\ArkanoidOP\ArkanoidOP\ArkanoidOP.vcxproj" on node 2 (Build target(s)).
     1>ClCompile:
         C:\Program Files (x86)\Microsoft Visual Studio 11.0\VC\bin\CL.exe /c /IC:\Users\Pedro\ist\CG\cg13\glut\include /I"C:\Users\João Carraquico\Dropbox\CG1314\Computação Gráfica\Projectos\glut\include" /I"C:\Users\João Carraquico\Dropbox\CG1314\Computação Gráfica\Projectos\glut\include\GL" /I"C:\Users\Ricardo\Dropbox\CG1314\Computação Gráfica\Projectos\glut\include" /I"C:\Users\João\Dropbox\CG1314\Computação Gráfica\Projectos\glut\include" /ZI /nologo /W3 /WX- /Od /Oy- /D WIN32 /D _DEBUG /D _CONSOLE /D GLUT /D _BUILDING /D _LIB /D _UNICODE /D UNICODE /Gm /EHsc /RTC1 /MDd /GS /fp:precise /Zc:wchar_t /Zc:forScope /Fo"Debug\\" /Fd"Debug\vc110.pdb" /Gd /TP /analyze- /errorReport:prompt GameManager.cpp
         GameManager.cpp
     1>c:\users\ricardo\dropbox\cg1314\computação gráfica\projectos\arkanoidop\arkanoidop\gamemanager.cpp(236): warning C4018: '<' : signed/unsigned mismatch
     1>c:\users\ricardo\dropbox\cg1314\computação gráfica\projectos\arkanoidop\arkanoidop\gamemanager.cpp(342): warning C4715: 'GameManager::testCollisionWithBlocks' : not all control paths return a value
       Link:
         C:\Program Files (x86)\Microsoft Visual Studio 11.0\VC\bin\link.exe /ERRORREPORT:PROMPT /OUT:"C:\Users\Ricardo\Dropbox\CG1314\Computação Gráfica\Projectos\ArkanoidOP\Debug\ArkanoidOP.exe" /INCREMENTAL /NOLOGO /LIBPATH:"C:\Users\João Carraquico\Dropbox\CG1314\Computação Gráfica\Projectos\glut\lib" /LIBPATH:"C:\Users\Ricardo\Dropbox\CG1314\Computação Gráfica\Projectos\glut\lib" /LIBPATH:C:\Users\Pedro\ist\CG\cg13\glut\lib kernel32.lib user32.lib gdi32.lib winspool.lib comdlg32.lib advapi32.lib shell32.lib ole32.lib oleaut32.lib uuid.lib odbc32.lib odbccp32.lib /MANIFEST /MANIFESTUAC:"level='asInvoker' uiAccess='false'" /manifest:embed /DEBUG /PDB:"C:\Users\Ricardo\Dropbox\CG1314\Computação Gráfica\Projectos\ArkanoidOP\Debug\ArkanoidOP.pdb" /SUBSYSTEM:CONSOLE /TLBID:1 /DYNAMICBASE /NXCOMPAT /IMPLIB:"C:\Users\Ricardo\Dropbox\CG1314\Computação Gráfica\Projectos\ArkanoidOP\Debug\ArkanoidOP.lib" /MACHINE:X86 Debug\Ball.obj
         Debug\Block.obj
         Debug\Boundaries.obj
         Debug\Camera.obj
         Debug\GameManager.obj
         Debug\GreenBlock.obj
         Debug\Launcher.obj
         Debug\BronzeBlock.obj
         Debug\Ortho.obj
         Debug\Perspective.obj
         Debug\Ship.obj
         Debug\RedBlock.obj
         Debug\CyanBlock.obj
         Debug\WhiteBlock.obj
         Debug\YellowBlock.obj
         LINK : C:\Users\Ricardo\Dropbox\CG1314\Computação Gráfica\Projectos\ArkanoidOP\Debug\ArkanoidOP.exe not found or not built by the last incremental link; performing full link
         ArkanoidOP.vcxproj -> C:\Users\Ricardo\Dropbox\CG1314\Computação Gráfica\Projectos\ArkanoidOP\Debug\ArkanoidOP.exe
     1>Done Building Project "C:\Users\Ricardo\Dropbox\CG1314\Computação Gráfica\Projectos\ArkanoidOP\ArkanoidOP\ArkanoidOP.vcxproj" (Build target(s)).

Build succeeded.

Time Elapsed 00:00:02.13
