Build started 25/10/2013 19:54:59.
     1>Project "C:\Users\Ricardo\Dropbox\CG1314\Computação Gráfica\Projectos\ArkanoidOP\ArkanoidOP\ArkanoidOP.vcxproj" on node 2 (Build target(s)).
     1>Link:
         C:\Program Files (x86)\Microsoft Visual Studio 11.0\VC\bin\link.exe /ERRORREPORT:PROMPT /OUT:"C:\Users\Ricardo\Dropbox\CG1314\Computação Gráfica\Projectos\ArkanoidOP\Debug\ArkanoidOP.exe" /INCREMENTAL /NOLOGO /LIBPATH:"C:\Users\Ricardo\Dropbox\CG1314\Computação Gráfica\Projectos\glut\lib" /LIBPATH:C:\Users\Pedro\ist\CG\cg13\glut\lib kernel32.lib user32.lib gdi32.lib winspool.lib comdlg32.lib advapi32.lib shell32.lib ole32.lib oleaut32.lib uuid.lib odbc32.lib odbccp32.lib /MANIFEST /MANIFESTUAC:"level='asInvoker' uiAccess='false'" /manifest:embed /DEBUG /PDB:"C:\Users\Ricardo\Dropbox\CG1314\Computação Gráfica\Projectos\ArkanoidOP\Debug\ArkanoidOP.pdb" /SUBSYSTEM:CONSOLE /TLBID:1 /DYNAMICBASE /NXCOMPAT /IMPLIB:"C:\Users\Ricardo\Dropbox\CG1314\Computação Gráfica\Projectos\ArkanoidOP\Debug\ArkanoidOP.lib" /MACHINE:X86 Debug\Ball.obj
         Debug\Block.obj
         Debug\Boundaries.obj
         Debug\Camera.obj
         Debug\GameManager.obj
         Debug\GreenBlock.obj
         Debug\Launcher.obj
         Debug\OrangeBlock.obj
         Debug\Ortho.obj
         Debug\Perspective.obj
         Debug\Ship.obj
         Debug\RedBlock.obj
         Debug\BlueBlock.obj
         Debug\YellowBlock.obj
     1>Ball.obj : fatal error LNK1318: Unexpected PDB error; OK (0) ''
     1>Done Building Project "C:\Users\Ricardo\Dropbox\CG1314\Computação Gráfica\Projectos\ArkanoidOP\ArkanoidOP\ArkanoidOP.vcxproj" (Build target(s)) -- FAILED.

Build FAILED.

Time Elapsed 00:00:00.63
